info|2019-12-13 03:00:00.088534|[g:1][CONSENSUS]addRawPrepare,height=14,reqIdx=0,hash=474295b6...
info|2019-12-13 03:00:00.089202|[g:1][CONSENSUS][PBFT]checkTimeout Succ,view=10775,toView=10776,nodeIdx=2,changeCycle=0,myNode=ddb36ebb...,timecost=0.284
info|2019-12-13 03:00:00.092787|[g:1][CONSENSUS][PBFT]checkAndChangeView: Reach consensus,org_view=10775,org_changeCycle=0,cur_changeCycle=0,to_view=10776
info|2019-12-13 03:00:01.096517|[g:1][CONSENSUS]addRawPrepare,height=14,reqIdx=1,hash=9e2c8702...
info|2019-12-13 03:00:01.096873|[g:1][CONSENSUS][PBFT]checkTimeout Succ,view=10776,toView=10777,nodeIdx=2,changeCycle=0,myNode=ddb36ebb...,timecost=0.321
info|2019-12-13 03:00:01.098910|[g:1][CONSENSUS][PBFT]checkAndChangeView: Reach consensus,org_view=10776,org_changeCycle=0,cur_changeCycle=0,to_view=10777
info|2019-12-13 03:00:02.099447|[g:1][CONSENSUS][SEALER]++++++++++++++++ Generating seal on,blkNum=14,tx=0,nodeIdx=2,hash=29dc8e76...
info|2019-12-13 03:00:02.102330|[g:1][CONSENSUS][PBFT]checkTimeout Succ,view=10777,toView=10778,nodeIdx=2,changeCycle=0,myNode=ddb36ebb...,timecost=0.18
info|2019-12-13 03:00:02.104384|[g:1][CONSENSUS][PBFT]checkAndChangeView: Reach consensus,org_view=10777,org_changeCycle=0,cur_changeCycle=0,to_view=10778
info|2019-12-13 03:00:03.108854|[g:1][CONSENSUS]addRawPrepare,height=14,reqIdx=3,hash=a400b66f...
info|2019-12-13 03:00:03.109271|[g:1][CONSENSUS][PBFT]checkTimeout Succ,view=10778,toView=10779,nodeIdx=2,changeCycle=0,myNode=ddb36ebb...,timecost=0.345
info|2019-12-13 03:00:03.111411|[g:1][CONSENSUS][PBFT]checkAndChangeView: Reach consensus,org_view=10778,org_changeCycle=0,cur_changeCycle=0,to_view=10779
info|2019-12-13 03:00:04.113091|[g:1][CONSENSUS]addRawPrepare,height=14,reqIdx=0,hash=4910884f...
info|2019-12-13 03:00:04.113546|[g:1][CONSENSUS][PBFT]checkTimeout Succ,view=10779,toView=10780,nodeIdx=2,changeCycle=0,myNode=ddb36ebb...,timecost=0.324
info|2019-12-13 03:00:04.115955|[g:1][CONSENSUS][PBFT]checkAndChangeView: Reach consensus,org_view=10779,org_changeCycle=0,cur_changeCycle=0,to_view=10780
info|2019-12-13 03:00:05.118907|[g:1][CONSENSUS]addRawPrepare,height=14,reqIdx=1,hash=5554d3d0...
info|2019-12-13 03:00:05.119330|[g:1][CONSENSUS][PBFT]checkTimeout Succ,view=10780,toView=10781,nodeIdx=2,changeCycle=0,myNode=ddb36ebb...,timecost=0.387
info|2019-12-13 03:00:05.121528|[g:1][CONSENSUS][PBFT]checkAndChangeView: Reach consensus,org_view=10780,org_changeCycle=0,cur_changeCycle=0,to_view=10781
info|2019-12-13 03:00:05.488558|[P2P][Service] heartBeat,connected count=3
info|2019-12-13 03:00:06.121961|[g:1][CONSENSUS][SEALER]++++++++++++++++ Generating seal on,blkNum=14,tx=0,nodeIdx=2,hash=b7ef3d6f...
info|2019-12-13 03:00:06.125656|[g:1][CONSENSUS][PBFT]checkTimeout Succ,view=10781,toView=10782,nodeIdx=2,changeCycle=0,myNode=ddb36ebb...,timecost=0.181
info|2019-12-13 03:00:06.127755|[g:1][CONSENSUS][PBFT]checkAndChangeView: Reach consensus,org_view=10781,org_changeCycle=0,cur_changeCycle=0,to_view=10782
info|2019-12-13 03:00:07.132098|[g:1][CONSENSUS]addRawPrepare,height=14,reqIdx=3,hash=f7da644c...
info|2019-12-13 03:00:07.132697|[g:1][CONSENSUS][PBFT]checkTimeout Succ,view=10782,toView=10783,nodeIdx=2,changeCycle=0,myNode=ddb36ebb...,timecost=0.543
info|2019-12-13 03:00:07.135138|[g:1][CONSENSUS][PBFT]checkAndChangeView: Reach consensus,org_view=10782,org_changeCycle=0,cur_changeCycle=0,to_view=10783
info|2019-12-13 03:00:08.137049|[g:1][CONSENSUS]addRawPrepare,height=14,reqIdx=0,hash=55f7cdce...
info|2019-12-13 03:00:08.137558|[g:1][CONSENSUS][PBFT]checkTimeout Succ,view=10783,toView=10784,nodeIdx=2,changeCycle=0,myNode=ddb36ebb...,timecost=0.371
info|2019-12-13 03:00:08.140436|[g:1][CONSENSUS][PBFT]checkAndChangeView: Reach consensus,org_view=10783,org_changeCycle=0,cur_changeCycle=0,to_view=10784
info|2019-12-13 03:00:09.143388|[g:1][CONSENSUS]addRawPrepare,height=14,reqIdx=1,hash=3ec66f9c...
info|2019-12-13 03:00:09.143828|[g:1][CONSENSUS][PBFT]checkTimeout Succ,view=10784,toView=10785,nodeIdx=2,changeCycle=0,myNode=ddb36ebb...,timecost=0.406
info|2019-12-13 03:00:09.146230|[g:1][CONSENSUS][PBFT]checkAndChangeView: Reach consensus,org_view=10784,org_changeCycle=0,cur_changeCycle=0,to_view=10785
info|2019-12-13 03:00:10.147596|[g:1][CONSENSUS][SEALER]++++++++++++++++ Generating seal on,blkNum=14,tx=0,nodeIdx=2,hash=1c103453...
info|2019-12-13 03:00:10.148241|[g:1][CONSENSUS][PBFT]checkTimeout Succ,view=10785,toView=10786,nodeIdx=2,changeCycle=0,myNode=ddb36ebb...,timecost=0.184
info|2019-12-13 03:00:10.152588|[g:1][CONSENSUS][PBFT]checkAndChangeView: Reach consensus,org_view=10785,org_changeCycle=0,cur_changeCycle=0,to_view=10786
info|2019-12-13 03:00:11.158379|[g:1][CONSENSUS]addRawPrepare,height=14,reqIdx=3,hash=906833ec...
info|2019-12-13 03:00:11.158854|[g:1][CONSENSUS][PBFT]checkTimeout Succ,view=10786,toView=10787,nodeIdx=2,changeCycle=0,myNode=ddb36ebb...,timecost=0.413
info|2019-12-13 03:00:11.161004|[g:1][CONSENSUS][PBFT]checkAndChangeView: Reach consensus,org_view=10786,org_changeCycle=0,cur_changeCycle=0,to_view=10787
info|2019-12-13 03:00:12.162764|[g:1][CONSENSUS]addRawPrepare,height=14,reqIdx=0,hash=67a17756...
info|2019-12-13 03:00:12.163274|[g:1][CONSENSUS][PBFT]checkTimeout Succ,view=10787,toView=10788,nodeIdx=2,changeCycle=0,myNode=ddb36ebb...,timecost=0.376
info|2019-12-13 03:00:12.165522|[g:1][CONSENSUS][PBFT]checkAndChangeView: Reach consensus,org_view=10787,org_changeCycle=0,cur_changeCycle=0,to_view=10788
info|2019-12-13 03:00:13.169386|[g:1][CONSENSUS]addRawPrepare,height=14,reqIdx=1,hash=2d3c3386...
info|2019-12-13 03:00:13.169774|[g:1][CONSENSUS][PBFT]checkTimeout Succ,view=10788,toView=10789,nodeIdx=2,changeCycle=0,myNode=ddb36ebb...,timecost=0.352
info|2019-12-13 03:00:13.172040|[g:1][CONSENSUS][PBFT]checkAndChangeView: Reach consensus,org_view=10788,org_changeCycle=0,cur_changeCycle=0,to_view=10789
info|2019-12-13 03:00:14.172472|[g:1][CONSENSUS][SEALER]++++++++++++++++ Generating seal on,blkNum=14,tx=0,nodeIdx=2,hash=55dd2261...
info|2019-12-13 03:00:14.175764|[g:1][CONSENSUS][PBFT]checkTimeout Succ,view=10789,toView=10790,nodeIdx=2,changeCycle=0,myNode=ddb36ebb...,timecost=0.188
info|2019-12-13 03:00:14.177180|[g:1][CONSENSUS][PBFT]checkAndChangeView: Reach consensus,org_view=10789,org_changeCycle=0,cur_changeCycle=0,to_view=10790
info|2019-12-13 03:00:15.183154|[g:1][CONSENSUS]addRawPrepare,height=14,reqIdx=3,hash=ccb34800...
info|2019-12-13 03:00:15.183613|[g:1][CONSENSUS][PBFT]checkTimeout Succ,view=10790,toView=10791,nodeIdx=2,changeCycle=0,myNode=ddb36ebb...,timecost=0.413
info|2019-12-13 03:00:15.186609|[g:1][CONSENSUS][PBFT]checkAndChangeView: Reach consensus,org_view=10790,org_changeCycle=0,cur_changeCycle=0,to_view=10791
info|2019-12-13 03:00:15.489189|[P2P][Service] heartBeat,connected count=3
info|2019-12-13 03:00:16.187859|[g:1][CONSENSUS]addRawPrepare,height=14,reqIdx=0,hash=fa6cebb0...
info|2019-12-13 03:00:16.188324|[g:1][CONSENSUS][PBFT]checkTimeout Succ,view=10791,toView=10792,nodeIdx=2,changeCycle=0,myNode=ddb36ebb...,timecost=0.332
info|2019-12-13 03:00:16.190965|[g:1][CONSENSUS][PBFT]checkAndChangeView: Reach consensus,org_view=10791,org_changeCycle=0,cur_changeCycle=0,to_view=10792
info|2019-12-13 03:00:17.193801|[g:1][CONSENSUS]addRawPrepare,height=14,reqIdx=1,hash=f6bfa86f...
info|2019-12-13 03:00:17.194138|[g:1][CONSENSUS][PBFT]checkTimeout Succ,view=10792,toView=10793,nodeIdx=2,changeCycle=0,myNode=ddb36ebb...,timecost=0.3
info|2019-12-13 03:00:17.197107|[g:1][CONSENSUS][PBFT]checkAndChangeView: Reach consensus,org_view=10792,org_changeCycle=0,cur_changeCycle=0,to_view=10793
info|2019-12-13 03:00:18.197871|[g:1][CONSENSUS][SEALER]++++++++++++++++ Generating seal on,blkNum=14,tx=0,nodeIdx=2,hash=7d6c2f4b...
info|2019-12-13 03:00:18.200792|[g:1][CONSENSUS][PBFT]checkTimeout Succ,view=10793,toView=10794,nodeIdx=2,changeCycle=0,myNode=ddb36ebb...,timecost=0.181
info|2019-12-13 03:00:18.202355|[g:1][CONSENSUS][PBFT]checkAndChangeView: Reach consensus,org_view=10793,org_changeCycle=0,cur_changeCycle=0,to_view=10794
info|2019-12-13 03:00:19.209908|[g:1][CONSENSUS]addRawPrepare,height=14,reqIdx=3,hash=8ed7fbc9...
info|2019-12-13 03:00:19.210658|[g:1][CONSENSUS][PBFT]checkTimeout Succ,view=10794,toView=10795,nodeIdx=2,changeCycle=0,myNode=ddb36ebb...,timecost=0.724
info|2019-12-13 03:00:19.213591|[g:1][CONSENSUS][PBFT]checkAndChangeView: Reach consensus,org_view=10794,org_changeCycle=0,cur_changeCycle=0,to_view=10795
info|2019-12-13 03:00:20.216172|[g:1][CONSENSUS]addRawPrepare,height=14,reqIdx=0,hash=b7d7a922...
info|2019-12-13 03:00:20.216630|[g:1][CONSENSUS][PBFT]checkTimeout Succ,view=10795,toView=10796,nodeIdx=2,changeCycle=0,myNode=ddb36ebb...,timecost=0.323
info|2019-12-13 03:00:20.218779|[g:1][CONSENSUS][PBFT]checkAndChangeView: Reach consensus,org_view=10795,org_changeCycle=0,cur_changeCycle=0,to_view=10796
info|2019-12-13 03:00:21.222437|[g:1][CONSENSUS]addRawPrepare,height=14,reqIdx=1,hash=d275adc4...
info|2019-12-13 03:00:21.222806|[g:1][CONSENSUS][PBFT]checkTimeout Succ,view=10796,toView=10797,nodeIdx=2,changeCycle=0,myNode=ddb36ebb...,timecost=0.327
info|2019-12-13 03:00:21.225646|[g:1][CONSENSUS][PBFT]checkAndChangeView: Reach consensus,org_view=10796,org_changeCycle=0,cur_changeCycle=0,to_view=10797
info|2019-12-13 03:00:22.226527|[g:1][CONSENSUS][SEALER]++++++++++++++++ Generating seal on,blkNum=14,tx=0,nodeIdx=2,hash=c17b6a37...
info|2019-12-13 03:00:22.230136|[g:1][CONSENSUS][PBFT]checkTimeout Succ,view=10797,toView=10798,nodeIdx=2,changeCycle=0,myNode=ddb36ebb...,timecost=0.206
info|2019-12-13 03:00:22.232465|[g:1][CONSENSUS][PBFT]checkAndChangeView: Reach consensus,org_view=10797,org_changeCycle=0,cur_changeCycle=0,to_view=10798
info|2019-12-13 03:00:23.235842|[g:1][CONSENSUS]addRawPrepare,height=14,reqIdx=3,hash=522e12c7...
info|2019-12-13 03:00:23.236419|[g:1][CONSENSUS][PBFT]checkTimeout Succ,view=10798,toView=10799,nodeIdx=2,changeCycle=0,myNode=ddb36ebb...,timecost=0.52
info|2019-12-13 03:00:23.238759|[g:1][CONSENSUS][PBFT]checkAndChangeView: Reach consensus,org_view=10798,org_changeCycle=0,cur_changeCycle=0,to_view=10799
info|2019-12-13 03:00:24.242621|[g:1][CONSENSUS]addRawPrepare,height=14,reqIdx=0,hash=00a0cbb6...
info|2019-12-13 03:00:24.243132|[g:1][CONSENSUS][PBFT]checkTimeout Succ,view=10799,toView=10800,nodeIdx=2,changeCycle=0,myNode=ddb36ebb...,timecost=0.28
info|2019-12-13 03:00:24.245717|[g:1][CONSENSUS][PBFT]checkAndChangeView: Reach consensus,org_view=10799,org_changeCycle=0,cur_changeCycle=0,to_view=10800
info|2019-12-13 03:00:25.249130|[g:1][CONSENSUS]addRawPrepare,height=14,reqIdx=1,hash=7095385f...
info|2019-12-13 03:00:25.249539|[g:1][CONSENSUS][PBFT]checkTimeout Succ,view=10800,toView=10801,nodeIdx=2,changeCycle=0,myNode=ddb36ebb...,timecost=0.374
info|2019-12-13 03:00:25.251919|[g:1][CONSENSUS][PBFT]checkAndChangeView: Reach consensus,org_view=10800,org_changeCycle=0,cur_changeCycle=0,to_view=10801
info|2019-12-13 03:00:25.489375|[P2P][Service] heartBeat,connected count=3
info|2019-12-13 03:00:26.251605|[g:1][CONSENSUS][SEALER]++++++++++++++++ Generating seal on,blkNum=14,tx=0,nodeIdx=2,hash=13f5bd6a...
info|2019-12-13 03:00:26.255040|[g:1][CONSENSUS][PBFT]checkTimeout Succ,view=10801,toView=10802,nodeIdx=2,changeCycle=0,myNode=ddb36ebb...,timecost=0.214
info|2019-12-13 03:00:26.256298|[g:1][CONSENSUS][PBFT]checkAndChangeView: Reach consensus,org_view=10801,org_changeCycle=0,cur_changeCycle=0,to_view=10802
info|2019-12-13 03:00:27.264821|[g:1][CONSENSUS]addRawPrepare,height=14,reqIdx=3,hash=3c15ca74...
info|2019-12-13 03:00:27.265435|[g:1][CONSENSUS][PBFT]checkTimeout Succ,view=10802,toView=10803,nodeIdx=2,changeCycle=0,myNode=ddb36ebb...,timecost=0.551
info|2019-12-13 03:00:27.268144|[g:1][CONSENSUS][PBFT]checkAndChangeView: Reach consensus,org_view=10802,org_changeCycle=0,cur_changeCycle=0,to_view=10803
info|2019-12-13 03:00:28.270099|[g:1][CONSENSUS]addRawPrepare,height=14,reqIdx=0,hash=44d715fd...
info|2019-12-13 03:00:28.270593|[g:1][CONSENSUS][PBFT]checkTimeout Succ,view=10803,toView=10804,nodeIdx=2,changeCycle=0,myNode=ddb36ebb...,timecost=0.361
info|2019-12-13 03:00:28.274624|[g:1][CONSENSUS][PBFT]checkAndChangeView: Reach consensus,org_view=10803,org_changeCycle=0,cur_changeCycle=0,to_view=10804
info|2019-12-13 03:00:29.278612|[g:1][CONSENSUS]addRawPrepare,height=14,reqIdx=1,hash=96f40a65...
info|2019-12-13 03:00:29.279028|[g:1][CONSENSUS][PBFT]checkTimeout Succ,view=10804,toView=10805,nodeIdx=2,changeCycle=0,myNode=ddb36ebb...,timecost=0.37
info|2019-12-13 03:00:29.281343|[g:1][CONSENSUS][PBFT]checkAndChangeView: Reach consensus,org_view=10804,org_changeCycle=0,cur_changeCycle=0,to_view=10805
info|2019-12-13 03:00:30.281694|[g:1][CONSENSUS][SEALER]++++++++++++++++ Generating seal on,blkNum=14,tx=0,nodeIdx=2,hash=1ff41444...
info|2019-12-13 03:00:30.282315|[g:1][CONSENSUS][PBFT]checkTimeout Succ,view=10805,toView=10806,nodeIdx=2,changeCycle=0,myNode=ddb36ebb...,timecost=0.19
info|2019-12-13 03:00:30.286864|[g:1][CONSENSUS][PBFT]checkAndChangeView: Reach consensus,org_view=10805,org_changeCycle=0,cur_changeCycle=0,to_view=10806
info|2019-12-13 03:00:31.291898|[g:1][CONSENSUS]addRawPrepare,height=14,reqIdx=3,hash=315ea346...
info|2019-12-13 03:00:31.292560|[g:1][CONSENSUS][PBFT]checkTimeout Succ,view=10806,toView=10807,nodeIdx=2,changeCycle=0,myNode=ddb36ebb...,timecost=0.592
info|2019-12-13 03:00:31.296042|[g:1][CONSENSUS][PBFT]checkAndChangeView: Reach consensus,org_view=10806,org_changeCycle=0,cur_changeCycle=0,to_view=10807
info|2019-12-13 03:00:32.297881|[g:1][CONSENSUS]addRawPrepare,height=14,reqIdx=0,hash=edde0429...
info|2019-12-13 03:00:32.298338|[g:1][CONSENSUS][PBFT]checkTimeout Succ,view=10807,toView=10808,nodeIdx=2,changeCycle=0,myNode=ddb36ebb...,timecost=0.326
info|2019-12-13 03:00:32.300616|[g:1][CONSENSUS][PBFT]checkAndChangeView: Reach consensus,org_view=10807,org_changeCycle=0,cur_changeCycle=0,to_view=10808
info|2019-12-13 03:00:33.305170|[g:1][CONSENSUS]addRawPrepare,height=14,reqIdx=1,hash=d8efbf39...
info|2019-12-13 03:00:33.305605|[g:1][CONSENSUS][PBFT]checkTimeout Succ,view=10808,toView=10809,nodeIdx=2,changeCycle=0,myNode=ddb36ebb...,timecost=0.372
info|2019-12-13 03:00:33.307838|[g:1][CONSENSUS][PBFT]checkAndChangeView: Reach consensus,org_view=10808,org_changeCycle=0,cur_changeCycle=0,to_view=10809
info|2019-12-13 03:00:34.308529|[g:1][CONSENSUS][SEALER]++++++++++++++++ Generating seal on,blkNum=14,tx=0,nodeIdx=2,hash=feede8d8...
info|2019-12-13 03:00:34.312899|[g:1][CONSENSUS][PBFT]checkTimeout Succ,view=10809,toView=10810,nodeIdx=2,changeCycle=0,myNode=ddb36ebb...,timecost=0.664
info|2019-12-13 03:00:34.316351|[g:1][CONSENSUS][PBFT]checkAndChangeView: Reach consensus,org_view=10809,org_changeCycle=0,cur_changeCycle=0,to_view=10810
info|2019-12-13 03:00:35.320878|[g:1][CONSENSUS]addRawPrepare,height=14,reqIdx=3,hash=435b984e...
info|2019-12-13 03:00:35.321753|[g:1][CONSENSUS][PBFT]checkTimeout Succ,view=10810,toView=10811,nodeIdx=2,changeCycle=0,myNode=ddb36ebb...,timecost=0.815
info|2019-12-13 03:00:35.324148|[g:1][CONSENSUS][PBFT]checkAndChangeView: Reach consensus,org_view=10810,org_changeCycle=0,cur_changeCycle=0,to_view=10811
info|2019-12-13 03:00:35.489487|[P2P][Service] heartBeat,connected count=3
info|2019-12-13 03:00:36.326660|[g:1][CONSENSUS]addRawPrepare,height=14,reqIdx=0,hash=69e13cc1...
info|2019-12-13 03:00:36.327177|[g:1][CONSENSUS][PBFT]checkTimeout Succ,view=10811,toView=10812,nodeIdx=2,changeCycle=0,myNode=ddb36ebb...,timecost=0.322
info|2019-12-13 03:00:36.329506|[g:1][CONSENSUS][PBFT]checkAndChangeView: Reach consensus,org_view=10811,org_changeCycle=0,cur_changeCycle=0,to_view=10812
info|2019-12-13 03:00:37.333237|[g:1][CONSENSUS]addRawPrepare,height=14,reqIdx=1,hash=c2c75f42...
info|2019-12-13 03:00:37.333605|[g:1][CONSENSUS][PBFT]checkTimeout Succ,view=10812,toView=10813,nodeIdx=2,changeCycle=0,myNode=ddb36ebb...,timecost=0.326
info|2019-12-13 03:00:37.335883|[g:1][CONSENSUS][PBFT]checkAndChangeView: Reach consensus,org_view=10812,org_changeCycle=0,cur_changeCycle=0,to_view=10813
info|2019-12-13 03:00:38.335236|[g:1][CONSENSUS][SEALER]++++++++++++++++ Generating seal on,blkNum=14,tx=0,nodeIdx=2,hash=0bc56456...
info|2019-12-13 03:00:38.338009|[g:1][CONSENSUS][PBFT]checkTimeout Succ,view=10813,toView=10814,nodeIdx=2,changeCycle=0,myNode=ddb36ebb...,timecost=0.18
info|2019-12-13 03:00:38.339653|[g:1][CONSENSUS][PBFT]checkAndChangeView: Reach consensus,org_view=10813,org_changeCycle=0,cur_changeCycle=0,to_view=10814
info|2019-12-13 03:00:39.343741|[g:1][CONSENSUS]addRawPrepare,height=14,reqIdx=3,hash=ef914e2a...
info|2019-12-13 03:00:39.344152|[g:1][CONSENSUS][PBFT]checkTimeout Succ,view=10814,toView=10815,nodeIdx=2,changeCycle=0,myNode=ddb36ebb...,timecost=0.334
info|2019-12-13 03:00:39.346461|[g:1][CONSENSUS][PBFT]checkAndChangeView: Reach consensus,org_view=10814,org_changeCycle=0,cur_changeCycle=0,to_view=10815
info|2019-12-13 03:00:40.349453|[g:1][CONSENSUS]addRawPrepare,height=14,reqIdx=0,hash=43bd3445...
info|2019-12-13 03:00:40.349973|[g:1][CONSENSUS][PBFT]checkTimeout Succ,view=10815,toView=10816,nodeIdx=2,changeCycle=0,myNode=ddb36ebb...,timecost=0.391
info|2019-12-13 03:00:40.352498|[g:1][CONSENSUS][PBFT]checkAndChangeView: Reach consensus,org_view=10815,org_changeCycle=0,cur_changeCycle=0,to_view=10816
info|2019-12-13 03:00:41.357714|[g:1][CONSENSUS]addRawPrepare,height=14,reqIdx=1,hash=dd0f8b0f...
info|2019-12-13 03:00:41.358083|[g:1][CONSENSUS][PBFT]checkTimeout Succ,view=10816,toView=10817,nodeIdx=2,changeCycle=0,myNode=ddb36ebb...,timecost=0.336
info|2019-12-13 03:00:41.360249|[g:1][CONSENSUS][PBFT]checkAndChangeView: Reach consensus,org_view=10816,org_changeCycle=0,cur_changeCycle=0,to_view=10817
info|2019-12-13 03:00:42.360605|[g:1][CONSENSUS][SEALER]++++++++++++++++ Generating seal on,blkNum=14,tx=0,nodeIdx=2,hash=50b7cc11...
info|2019-12-13 03:00:42.364069|[g:1][CONSENSUS][PBFT]checkTimeout Succ,view=10817,toView=10818,nodeIdx=2,changeCycle=0,myNode=ddb36ebb...,timecost=0.182
info|2019-12-13 03:00:42.365123|[g:1][CONSENSUS][PBFT]checkAndChangeView: Reach consensus,org_view=10817,org_changeCycle=0,cur_changeCycle=0,to_view=10818
info|2019-12-13 03:00:43.369896|[g:1][CONSENSUS]addRawPrepare,height=14,reqIdx=3,hash=e5b4bc6c...
info|2019-12-13 03:00:43.370236|[g:1][CONSENSUS][PBFT]checkTimeout Succ,view=10818,toView=10819,nodeIdx=2,changeCycle=0,myNode=ddb36ebb...,timecost=0.274
info|2019-12-13 03:00:43.372335|[g:1][CONSENSUS][PBFT]checkAndChangeView: Reach consensus,org_view=10818,org_changeCycle=0,cur_changeCycle=0,to_view=10819
info|2019-12-13 03:00:44.375211|[g:1][CONSENSUS]addRawPrepare,height=14,reqIdx=0,hash=e7743da3...
info|2019-12-13 03:00:44.376086|[g:1][CONSENSUS][PBFT]checkTimeout Succ,view=10819,toView=10820,nodeIdx=2,changeCycle=0,myNode=ddb36ebb...,timecost=0.527
info|2019-12-13 03:00:44.378565|[g:1][CONSENSUS][PBFT]checkAndChangeView: Reach consensus,org_view=10819,org_changeCycle=0,cur_changeCycle=0,to_view=10820
info|2019-12-13 03:00:45.381501|[g:1][CONSENSUS]addRawPrepare,height=14,reqIdx=1,hash=23aa5444...
info|2019-12-13 03:00:45.381918|[g:1][CONSENSUS][PBFT]checkTimeout Succ,view=10820,toView=10821,nodeIdx=2,changeCycle=0,myNode=ddb36ebb...,timecost=0.38
info|2019-12-13 03:00:45.384384|[g:1][CONSENSUS][PBFT]checkAndChangeView: Reach consensus,org_view=10820,org_changeCycle=0,cur_changeCycle=0,to_view=10821
info|2019-12-13 03:00:45.490169|[P2P][Service] heartBeat,connected count=3
info|2019-12-13 03:00:46.384495|[g:1][CONSENSUS][SEALER]++++++++++++++++ Generating seal on,blkNum=14,tx=0,nodeIdx=2,hash=2169093b...
info|2019-12-13 03:00:46.388387|[g:1][CONSENSUS][PBFT]checkTimeout Succ,view=10821,toView=10822,nodeIdx=2,changeCycle=0,myNode=ddb36ebb...,timecost=0.181
info|2019-12-13 03:00:46.389126|[g:1][CONSENSUS][PBFT]checkAndChangeView: Reach consensus,org_view=10821,org_changeCycle=0,cur_changeCycle=0,to_view=10822
info|2019-12-13 03:00:47.393670|[g:1][CONSENSUS]addRawPrepare,height=14,reqIdx=3,hash=64454729...
info|2019-12-13 03:00:47.394158|[g:1][CONSENSUS][PBFT]checkTimeout Succ,view=10822,toView=10823,nodeIdx=2,changeCycle=0,myNode=ddb36ebb...,timecost=0.454
info|2019-12-13 03:00:47.396524|[g:1][CONSENSUS][PBFT]checkAndChangeView: Reach consensus,org_view=10822,org_changeCycle=0,cur_changeCycle=0,to_view=10823
info|2019-12-13 03:00:48.399505|[g:1][CONSENSUS]addRawPrepare,height=14,reqIdx=0,hash=4326b900...
info|2019-12-13 03:00:48.400001|[g:1][CONSENSUS][PBFT]checkTimeout Succ,view=10823,toView=10824,nodeIdx=2,changeCycle=0,myNode=ddb36ebb...,timecost=0.362
info|2019-12-13 03:00:48.402789|[g:1][CONSENSUS][PBFT]checkAndChangeView: Reach consensus,org_view=10823,org_changeCycle=0,cur_changeCycle=0,to_view=10824
info|2019-12-13 03:00:49.406891|[g:1][CONSENSUS]addRawPrepare,height=14,reqIdx=1,hash=f7d08d0d...
info|2019-12-13 03:00:49.407244|[g:1][CONSENSUS][PBFT]checkTimeout Succ,view=10824,toView=10825,nodeIdx=2,changeCycle=0,myNode=ddb36ebb...,timecost=0.304
info|2019-12-13 03:00:49.410451|[g:1][CONSENSUS][PBFT]checkAndChangeView: Reach consensus,org_view=10824,org_changeCycle=0,cur_changeCycle=0,to_view=10825
info|2019-12-13 03:00:50.411056|[g:1][CONSENSUS][SEALER]++++++++++++++++ Generating seal on,blkNum=14,tx=0,nodeIdx=2,hash=201ac8aa...
info|2019-12-13 03:00:50.415238|[g:1][CONSENSUS][PBFT]checkTimeout Succ,view=10825,toView=10826,nodeIdx=2,changeCycle=0,myNode=ddb36ebb...,timecost=0.25
info|2019-12-13 03:00:50.416188|[g:1][CONSENSUS][PBFT]checkAndChangeView: Reach consensus,org_view=10825,org_changeCycle=0,cur_changeCycle=0,to_view=10826
info|2019-12-13 03:00:51.421959|[g:1][CONSENSUS]addRawPrepare,height=14,reqIdx=3,hash=63686475...
info|2019-12-13 03:00:51.422393|[g:1][CONSENSUS][PBFT]checkTimeout Succ,view=10826,toView=10827,nodeIdx=2,changeCycle=0,myNode=ddb36ebb...,timecost=0.336
info|2019-12-13 03:00:51.424895|[g:1][CONSENSUS][PBFT]checkAndChangeView: Reach consensus,org_view=10826,org_changeCycle=0,cur_changeCycle=0,to_view=10827
info|2019-12-13 03:00:52.427436|[g:1][CONSENSUS]addRawPrepare,height=14,reqIdx=0,hash=30b6b867...
info|2019-12-13 03:00:52.427974|[g:1][CONSENSUS][PBFT]checkTimeout Succ,view=10827,toView=10828,nodeIdx=2,changeCycle=0,myNode=ddb36ebb...,timecost=0.31
info|2019-12-13 03:00:52.430314|[g:1][CONSENSUS][PBFT]checkAndChangeView: Reach consensus,org_view=10827,org_changeCycle=0,cur_changeCycle=0,to_view=10828
info|2019-12-13 03:00:53.433658|[g:1][CONSENSUS]addRawPrepare,height=14,reqIdx=1,hash=6a56d5ba...
info|2019-12-13 03:00:53.434022|[g:1][CONSENSUS][PBFT]checkTimeout Succ,view=10828,toView=10829,nodeIdx=2,changeCycle=0,myNode=ddb36ebb...,timecost=0.331
info|2019-12-13 03:00:53.436183|[g:1][CONSENSUS][PBFT]checkAndChangeView: Reach consensus,org_view=10828,org_changeCycle=0,cur_changeCycle=0,to_view=10829
info|2019-12-13 03:00:54.436130|[g:1][CONSENSUS][SEALER]++++++++++++++++ Generating seal on,blkNum=14,tx=0,nodeIdx=2,hash=d02e419c...
info|2019-12-13 03:00:54.439607|[g:1][CONSENSUS][PBFT]checkTimeout Succ,view=10829,toView=10830,nodeIdx=2,changeCycle=0,myNode=ddb36ebb...,timecost=0.254
info|2019-12-13 03:00:54.440318|[g:1][CONSENSUS][PBFT]checkAndChangeView: Reach consensus,org_view=10829,org_changeCycle=0,cur_changeCycle=0,to_view=10830
info|2019-12-13 03:00:55.445555|[g:1][CONSENSUS]addRawPrepare,height=14,reqIdx=3,hash=c98df305...
info|2019-12-13 03:00:55.446047|[g:1][CONSENSUS][PBFT]checkTimeout Succ,view=10830,toView=10831,nodeIdx=2,changeCycle=0,myNode=ddb36ebb...,timecost=0.475
info|2019-12-13 03:00:55.448505|[g:1][CONSENSUS][PBFT]checkAndChangeView: Reach consensus,org_view=10830,org_changeCycle=0,cur_changeCycle=0,to_view=10831
info|2019-12-13 03:00:55.490562|[P2P][Service] heartBeat,connected count=3
info|2019-12-13 03:00:56.452584|[g:1][CONSENSUS]addRawPrepare,height=14,reqIdx=0,hash=e18b41cc...
info|2019-12-13 03:00:56.453064|[g:1][CONSENSUS][PBFT]checkTimeout Succ,view=10831,toView=10832,nodeIdx=2,changeCycle=0,myNode=ddb36ebb...,timecost=0.344
info|2019-12-13 03:00:56.455314|[g:1][CONSENSUS][PBFT]checkAndChangeView: Reach consensus,org_view=10831,org_changeCycle=0,cur_changeCycle=0,to_view=10832
info|2019-12-13 03:00:57.457996|[g:1][CONSENSUS]addRawPrepare,height=14,reqIdx=1,hash=bd9d6dd2...
info|2019-12-13 03:00:57.458368|[g:1][CONSENSUS][PBFT]checkTimeout Succ,view=10832,toView=10833,nodeIdx=2,changeCycle=0,myNode=ddb36ebb...,timecost=0.333
info|2019-12-13 03:00:57.460634|[g:1][CONSENSUS][PBFT]checkAndChangeView: Reach consensus,org_view=10832,org_changeCycle=0,cur_changeCycle=0,to_view=10833
info|2019-12-13 03:00:58.461094|[g:1][CONSENSUS][SEALER]++++++++++++++++ Generating seal on,blkNum=14,tx=0,nodeIdx=2,hash=ffb0ca9d...
info|2019-12-13 03:00:58.464678|[g:1][CONSENSUS][PBFT]checkTimeout Succ,view=10833,toView=10834,nodeIdx=2,changeCycle=0,myNode=ddb36ebb...,timecost=0.27
info|2019-12-13 03:00:58.465498|[g:1][CONSENSUS][PBFT]checkAndChangeView: Reach consensus,org_view=10833,org_changeCycle=0,cur_changeCycle=0,to_view=10834
info|2019-12-13 03:00:59.470507|[g:1][CONSENSUS]addRawPrepare,height=14,reqIdx=3,hash=3f389cb7...
info|2019-12-13 03:00:59.470846|[g:1][CONSENSUS][PBFT]checkTimeout Succ,view=10834,toView=10835,nodeIdx=2,changeCycle=0,myNode=ddb36ebb...,timecost=0.297
info|2019-12-13 03:00:59.473324|[g:1][CONSENSUS][PBFT]checkAndChangeView: Reach consensus,org_view=10834,org_changeCycle=0,cur_changeCycle=0,to_view=10835
info|2019-12-13 03:01:00.475802|[g:1][CONSENSUS]addRawPrepare,height=14,reqIdx=0,hash=3f583542...
info|2019-12-13 03:01:00.476320|[g:1][CONSENSUS][PBFT]checkTimeout Succ,view=10835,toView=10836,nodeIdx=2,changeCycle=0,myNode=ddb36ebb...,timecost=0.36
info|2019-12-13 03:01:00.478811|[g:1][CONSENSUS][PBFT]checkAndChangeView: Reach consensus,org_view=10835,org_changeCycle=0,cur_changeCycle=0,to_view=10836
info|2019-12-13 03:01:01.482748|[g:1][CONSENSUS]addRawPrepare,height=14,reqIdx=1,hash=1a40cdbf...
info|2019-12-13 03:01:01.483198|[g:1][CONSENSUS][PBFT]checkTimeout Succ,view=10836,toView=10837,nodeIdx=2,changeCycle=0,myNode=ddb36ebb...,timecost=0.416
info|2019-12-13 03:01:01.485352|[g:1][CONSENSUS][PBFT]checkAndChangeView: Reach consensus,org_view=10836,org_changeCycle=0,cur_changeCycle=0,to_view=10837
info|2019-12-13 03:01:02.485984|[g:1][CONSENSUS][SEALER]++++++++++++++++ Generating seal on,blkNum=14,tx=0,nodeIdx=2,hash=b8852a6a...
info|2019-12-13 03:01:02.489946|[g:1][CONSENSUS][PBFT]checkTimeout Succ,view=10837,toView=10838,nodeIdx=2,changeCycle=0,myNode=ddb36ebb...,timecost=0.267
info|2019-12-13 03:01:02.490664|[g:1][CONSENSUS][PBFT]checkAndChangeView: Reach consensus,org_view=10837,org_changeCycle=0,cur_changeCycle=0,to_view=10838
info|2019-12-13 03:01:03.496220|[g:1][CONSENSUS]addRawPrepare,height=14,reqIdx=3,hash=5a9b8134...
info|2019-12-13 03:01:03.496740|[g:1][CONSENSUS][PBFT]checkTimeout Succ,view=10838,toView=10839,nodeIdx=2,changeCycle=0,myNode=ddb36ebb...,timecost=0.474
info|2019-12-13 03:01:03.499234|[g:1][CONSENSUS][PBFT]checkAndChangeView: Reach consensus,org_view=10838,org_changeCycle=0,cur_changeCycle=0,to_view=10839
info|2019-12-13 03:01:04.502573|[g:1][CONSENSUS]addRawPrepare,height=14,reqIdx=0,hash=d91e93ff...
info|2019-12-13 03:01:04.503216|[g:1][CONSENSUS][PBFT]checkTimeout Succ,view=10839,toView=10840,nodeIdx=2,changeCycle=0,myNode=ddb36ebb...,timecost=0.349
info|2019-12-13 03:01:04.505554|[g:1][CONSENSUS][PBFT]checkAndChangeView: Reach consensus,org_view=10839,org_changeCycle=0,cur_changeCycle=0,to_view=10840
info|2019-12-13 03:01:05.491305|[P2P][Service] heartBeat,connected count=3
info|2019-12-13 03:01:05.510641|[g:1][CONSENSUS]addRawPrepare,height=14,reqIdx=1,hash=5b677e0b...
info|2019-12-13 03:01:05.510984|[g:1][CONSENSUS][PBFT]checkTimeout Succ,view=10840,toView=10841,nodeIdx=2,changeCycle=0,myNode=ddb36ebb...,timecost=0.305
info|2019-12-13 03:01:05.513376|[g:1][CONSENSUS][PBFT]checkAndChangeView: Reach consensus,org_view=10840,org_changeCycle=0,cur_changeCycle=0,to_view=10841
info|2019-12-13 03:01:06.514617|[g:1][CONSENSUS][SEALER]++++++++++++++++ Generating seal on,blkNum=14,tx=0,nodeIdx=2,hash=3137197c...
info|2019-12-13 03:01:06.518296|[g:1][CONSENSUS][PBFT]checkTimeout Succ,view=10841,toView=10842,nodeIdx=2,changeCycle=0,myNode=ddb36ebb...,timecost=0.24
info|2019-12-13 03:01:06.519359|[g:1][CONSENSUS][PBFT]checkAndChangeView: Reach consensus,org_view=10841,org_changeCycle=0,cur_changeCycle=0,to_view=10842
info|2019-12-13 03:01:07.525173|[g:1][CONSENSUS]addRawPrepare,height=14,reqIdx=3,hash=ddc21bd4...
info|2019-12-13 03:01:07.525550|[g:1][CONSENSUS][PBFT]checkTimeout Succ,view=10842,toView=10843,nodeIdx=2,changeCycle=0,myNode=ddb36ebb...,timecost=0.322
info|2019-12-13 03:01:07.527545|[g:1][CONSENSUS][PBFT]checkAndChangeView: Reach consensus,org_view=10842,org_changeCycle=0,cur_changeCycle=0,to_view=10843
info|2019-12-13 03:01:08.530734|[g:1][CONSENSUS]addRawPrepare,height=14,reqIdx=0,hash=42434003...
info|2019-12-13 03:01:08.531252|[g:1][CONSENSUS][PBFT]checkTimeout Succ,view=10843,toView=10844,nodeIdx=2,changeCycle=0,myNode=ddb36ebb...,timecost=0.382
info|2019-12-13 03:01:08.533890|[g:1][CONSENSUS][PBFT]checkAndChangeView: Reach consensus,org_view=10843,org_changeCycle=0,cur_changeCycle=0,to_view=10844
info|2019-12-13 03:01:09.537838|[g:1][CONSENSUS]addRawPrepare,height=14,reqIdx=1,hash=0d791d02...
info|2019-12-13 03:01:09.538288|[g:1][CONSENSUS][PBFT]checkTimeout Succ,view=10844,toView=10845,nodeIdx=2,changeCycle=0,myNode=ddb36ebb...,timecost=0.351
info|2019-12-13 03:01:09.541366|[g:1][CONSENSUS][PBFT]checkAndChangeView: Reach consensus,org_view=10844,org_changeCycle=0,cur_changeCycle=0,to_view=10845
info|2019-12-13 03:01:10.541750|[g:1][CONSENSUS][SEALER]++++++++++++++++ Generating seal on,blkNum=14,tx=0,nodeIdx=2,hash=6caf28d7...
info|2019-12-13 03:01:10.543941|[g:1][CONSENSUS][PBFT]checkTimeout Succ,view=10845,toView=10846,nodeIdx=2,changeCycle=0,myNode=ddb36ebb...,timecost=0.192
info|2019-12-13 03:01:10.547609|[g:1][CONSENSUS][PBFT]checkAndChangeView: Reach consensus,org_view=10845,org_changeCycle=0,cur_changeCycle=0,to_view=10846
info|2019-12-13 03:01:11.555588|[g:1][CONSENSUS]addRawPrepare,height=14,reqIdx=3,hash=2f7fc253...
info|2019-12-13 03:01:11.556042|[g:1][CONSENSUS][PBFT]checkTimeout Succ,view=10846,toView=10847,nodeIdx=2,changeCycle=0,myNode=ddb36ebb...,timecost=0.405
info|2019-12-13 03:01:11.558788|[g:1][CONSENSUS][PBFT]checkAndChangeView: Reach consensus,org_view=10846,org_changeCycle=0,cur_changeCycle=0,to_view=10847
info|2019-12-13 03:01:12.562408|[g:1][CONSENSUS]addRawPrepare,height=14,reqIdx=0,hash=333ad754...
info|2019-12-13 03:01:12.562946|[g:1][CONSENSUS][PBFT]checkTimeout Succ,view=10847,toView=10848,nodeIdx=2,changeCycle=0,myNode=ddb36ebb...,timecost=0.403
info|2019-12-13 03:01:12.567765|[g:1][CONSENSUS][PBFT]checkAndChangeView: Reach consensus,org_view=10847,org_changeCycle=0,cur_changeCycle=0,to_view=10848
info|2019-12-13 03:01:13.572793|[g:1][CONSENSUS]addRawPrepare,height=14,reqIdx=1,hash=3a06f8d7...
info|2019-12-13 03:01:13.573224|[g:1][CONSENSUS][PBFT]checkTimeout Succ,view=10848,toView=10849,nodeIdx=2,changeCycle=0,myNode=ddb36ebb...,timecost=0.394
info|2019-12-13 03:01:13.575203|[g:1][CONSENSUS][PBFT]checkAndChangeView: Reach consensus,org_view=10848,org_changeCycle=0,cur_changeCycle=0,to_view=10849
info|2019-12-13 03:01:14.575397|[g:1][CONSENSUS][SEALER]++++++++++++++++ Generating seal on,blkNum=14,tx=0,nodeIdx=2,hash=92d2bc88...
info|2019-12-13 03:01:14.579000|[g:1][CONSENSUS][PBFT]checkTimeout Succ,view=10849,toView=10850,nodeIdx=2,changeCycle=0,myNode=ddb36ebb...,timecost=0.192
info|2019-12-13 03:01:14.579761|[g:1][CONSENSUS][PBFT]checkAndChangeView: Reach consensus,org_view=10849,org_changeCycle=0,cur_changeCycle=0,to_view=10850
info|2019-12-13 03:01:15.492080|[P2P][Service] heartBeat,connected count=3
info|2019-12-13 03:01:15.585141|[g:1][CONSENSUS]addRawPrepare,height=14,reqIdx=3,hash=9595e1db...
info|2019-12-13 03:01:15.585927|[g:1][CONSENSUS][PBFT]checkTimeout Succ,view=10850,toView=10851,nodeIdx=2,changeCycle=0,myNode=ddb36ebb...,timecost=0.713
info|2019-12-13 03:01:15.589213|[g:1][CONSENSUS][PBFT]checkAndChangeView: Reach consensus,org_view=10850,org_changeCycle=0,cur_changeCycle=0,to_view=10851
info|2019-12-13 03:01:16.590099|[g:1][CONSENSUS]addRawPrepare,height=14,reqIdx=0,hash=eaf12efd...
info|2019-12-13 03:01:16.590592|[g:1][CONSENSUS][PBFT]checkTimeout Succ,view=10851,toView=10852,nodeIdx=2,changeCycle=0,myNode=ddb36ebb...,timecost=0.364
info|2019-12-13 03:01:16.593824|[g:1][CONSENSUS][PBFT]checkAndChangeView: Reach consensus,org_view=10851,org_changeCycle=0,cur_changeCycle=0,to_view=10852
info|2019-12-13 03:01:17.603473|[g:1][CONSENSUS]addRawPrepare,height=14,reqIdx=1,hash=6d3184f2...
info|2019-12-13 03:01:17.603851|[g:1][CONSENSUS][PBFT]checkTimeout Succ,view=10852,toView=10853,nodeIdx=2,changeCycle=0,myNode=ddb36ebb...,timecost=0.342
info|2019-12-13 03:01:17.606171|[g:1][CONSENSUS][PBFT]checkAndChangeView: Reach consensus,org_view=10852,org_changeCycle=0,cur_changeCycle=0,to_view=10853
info|2019-12-13 03:01:18.607265|[g:1][CONSENSUS][SEALER]++++++++++++++++ Generating seal on,blkNum=14,tx=0,nodeIdx=2,hash=0c2da484...
info|2019-12-13 03:01:18.610439|[g:1][CONSENSUS][PBFT]checkTimeout Succ,view=10853,toView=10854,nodeIdx=2,changeCycle=0,myNode=ddb36ebb...,timecost=0.188
info|2019-12-13 03:01:18.611364|[g:1][CONSENSUS][PBFT]checkAndChangeView: Reach consensus,org_view=10853,org_changeCycle=0,cur_changeCycle=0,to_view=10854
info|2019-12-13 03:01:19.617981|[g:1][CONSENSUS]addRawPrepare,height=14,reqIdx=3,hash=17c076ca...
info|2019-12-13 03:01:19.618330|[g:1][CONSENSUS][PBFT]checkTimeout Succ,view=10854,toView=10855,nodeIdx=2,changeCycle=0,myNode=ddb36ebb...,timecost=0.311
info|2019-12-13 03:01:19.620677|[g:1][CONSENSUS][PBFT]checkAndChangeView: Reach consensus,org_view=10854,org_changeCycle=0,cur_changeCycle=0,to_view=10855
info|2019-12-13 03:01:20.622119|[g:1][CONSENSUS]addRawPrepare,height=14,reqIdx=0,hash=cf1e64ed...
info|2019-12-13 03:01:20.622594|[g:1][CONSENSUS][PBFT]checkTimeout Succ,view=10855,toView=10856,nodeIdx=2,changeCycle=0,myNode=ddb36ebb...,timecost=0.345
info|2019-12-13 03:01:20.624833|[g:1][CONSENSUS][PBFT]checkAndChangeView: Reach consensus,org_view=10855,org_changeCycle=0,cur_changeCycle=0,to_view=10856
info|2019-12-13 03:01:21.628315|[g:1][CONSENSUS]addRawPrepare,height=14,reqIdx=1,hash=2e00398a...
info|2019-12-13 03:01:21.628723|[g:1][CONSENSUS][PBFT]checkTimeout Succ,view=10856,toView=10857,nodeIdx=2,changeCycle=0,myNode=ddb36ebb...,timecost=0.375
info|2019-12-13 03:01:21.631324|[g:1][CONSENSUS][PBFT]checkAndChangeView: Reach consensus,org_view=10856,org_changeCycle=0,cur_changeCycle=0,to_view=10857
info|2019-12-13 03:01:22.632566|[g:1][CONSENSUS][SEALER]++++++++++++++++ Generating seal on,blkNum=14,tx=0,nodeIdx=2,hash=0796f128...
info|2019-12-13 03:01:22.637969|[g:1][CONSENSUS][PBFT]checkTimeout Succ,view=10857,toView=10858,nodeIdx=2,changeCycle=0,myNode=ddb36ebb...,timecost=0.192
info|2019-12-13 03:01:22.639903|[g:1][CONSENSUS][PBFT]checkAndChangeView: Reach consensus,org_view=10857,org_changeCycle=0,cur_changeCycle=0,to_view=10858
info|2019-12-13 03:01:23.644120|[g:1][CONSENSUS]addRawPrepare,height=14,reqIdx=3,hash=363f918b...
info|2019-12-13 03:01:23.644484|[g:1][CONSENSUS][PBFT]checkTimeout Succ,view=10858,toView=10859,nodeIdx=2,changeCycle=0,myNode=ddb36ebb...,timecost=0.329
info|2019-12-13 03:01:23.646579|[g:1][CONSENSUS][PBFT]checkAndChangeView: Reach consensus,org_view=10858,org_changeCycle=0,cur_changeCycle=0,to_view=10859
info|2019-12-13 03:01:24.650075|[g:1][CONSENSUS]addRawPrepare,height=14,reqIdx=0,hash=947ccccf...
info|2019-12-13 03:01:24.650539|[g:1][CONSENSUS][PBFT]checkTimeout Succ,view=10859,toView=10860,nodeIdx=2,changeCycle=0,myNode=ddb36ebb...,timecost=0.332
info|2019-12-13 03:01:24.652937|[g:1][CONSENSUS][PBFT]checkAndChangeView: Reach consensus,org_view=10859,org_changeCycle=0,cur_changeCycle=0,to_view=10860
info|2019-12-13 03:01:25.492251|[P2P][Service] heartBeat,connected count=3
info|2019-12-13 03:01:25.656422|[g:1][CONSENSUS]addRawPrepare,height=14,reqIdx=1,hash=0ff1bb71...
info|2019-12-13 03:01:25.656846|[g:1][CONSENSUS][PBFT]checkTimeout Succ,view=10860,toView=10861,nodeIdx=2,changeCycle=0,myNode=ddb36ebb...,timecost=0.391
info|2019-12-13 03:01:25.659181|[g:1][CONSENSUS][PBFT]checkAndChangeView: Reach consensus,org_view=10860,org_changeCycle=0,cur_changeCycle=0,to_view=10861
info|2019-12-13 03:01:26.660734|[g:1][CONSENSUS][SEALER]++++++++++++++++ Generating seal on,blkNum=14,tx=0,nodeIdx=2,hash=d67b60ac...
info|2019-12-13 03:01:26.664052|[g:1][CONSENSUS][PBFT]checkTimeout Succ,view=10861,toView=10862,nodeIdx=2,changeCycle=0,myNode=ddb36ebb...,timecost=0.179
info|2019-12-13 03:01:26.664861|[g:1][CONSENSUS][PBFT]checkAndChangeView: Reach consensus,org_view=10861,org_changeCycle=0,cur_changeCycle=0,to_view=10862
info|2019-12-13 03:01:27.670267|[g:1][CONSENSUS]addRawPrepare,height=14,reqIdx=3,hash=b6ad2e4b...
info|2019-12-13 03:01:27.670698|[g:1][CONSENSUS][PBFT]checkTimeout Succ,view=10862,toView=10863,nodeIdx=2,changeCycle=0,myNode=ddb36ebb...,timecost=0.31
info|2019-12-13 03:01:27.673135|[g:1][CONSENSUS][PBFT]checkAndChangeView: Reach consensus,org_view=10862,org_changeCycle=0,cur_changeCycle=0,to_view=10863
info|2019-12-13 03:01:28.675380|[g:1][CONSENSUS]addRawPrepare,height=14,reqIdx=0,hash=def0b206...
info|2019-12-13 03:01:28.675844|[g:1][CONSENSUS][PBFT]checkTimeout Succ,view=10863,toView=10864,nodeIdx=2,changeCycle=0,myNode=ddb36ebb...,timecost=0.335
info|2019-12-13 03:01:28.678045|[g:1][CONSENSUS][PBFT]checkAndChangeView: Reach consensus,org_view=10863,org_changeCycle=0,cur_changeCycle=0,to_view=10864
info|2019-12-13 03:01:29.680705|[g:1][CONSENSUS]addRawPrepare,height=14,reqIdx=1,hash=00462ebb...
info|2019-12-13 03:01:29.681181|[g:1][CONSENSUS][PBFT]checkTimeout Succ,view=10864,toView=10865,nodeIdx=2,changeCycle=0,myNode=ddb36ebb...,timecost=0.441
info|2019-12-13 03:01:29.683471|[g:1][CONSENSUS][PBFT]checkAndChangeView: Reach consensus,org_view=10864,org_changeCycle=0,cur_changeCycle=0,to_view=10865
info|2019-12-13 03:01:30.683714|[g:1][CONSENSUS][SEALER]++++++++++++++++ Generating seal on,blkNum=14,tx=0,nodeIdx=2,hash=9a9be8f9...
info|2019-12-13 03:01:30.686900|[g:1][CONSENSUS][PBFT]checkTimeout Succ,view=10865,toView=10866,nodeIdx=2,changeCycle=0,myNode=ddb36ebb...,timecost=0.26
info|2019-12-13 03:01:30.687605|[g:1][CONSENSUS][PBFT]checkAndChangeView: Reach consensus,org_view=10865,org_changeCycle=0,cur_changeCycle=0,to_view=10866
info|2019-12-13 03:01:31.693059|[g:1][CONSENSUS]addRawPrepare,height=14,reqIdx=3,hash=a6f0012e...
info|2019-12-13 03:01:31.693788|[g:1][CONSENSUS][PBFT]checkTimeout Succ,view=10866,toView=10867,nodeIdx=2,changeCycle=0,myNode=ddb36ebb...,timecost=0.593
info|2019-12-13 03:01:31.696531|[g:1][CONSENSUS][PBFT]checkAndChangeView: Reach consensus,org_view=10866,org_changeCycle=0,cur_changeCycle=0,to_view=10867
info|2019-12-13 03:01:32.699722|[g:1][CONSENSUS]addRawPrepare,height=14,reqIdx=0,hash=e080fc7a...
info|2019-12-13 03:01:32.700770|[g:1][CONSENSUS][PBFT]checkTimeout Succ,view=10867,toView=10868,nodeIdx=2,changeCycle=0,myNode=ddb36ebb...,timecost=0.684
info|2019-12-13 03:01:32.703408|[g:1][CONSENSUS][PBFT]checkAndChangeView: Reach consensus,org_view=10867,org_changeCycle=0,cur_changeCycle=0,to_view=10868
info|2019-12-13 03:01:33.707102|[g:1][CONSENSUS]addRawPrepare,height=14,reqIdx=1,hash=7523d41d...
info|2019-12-13 03:01:33.707474|[g:1][CONSENSUS][PBFT]checkTimeout Succ,view=10868,toView=10869,nodeIdx=2,changeCycle=0,myNode=ddb36ebb...,timecost=0.331
info|2019-12-13 03:01:33.709905|[g:1][CONSENSUS][PBFT]checkAndChangeView: Reach consensus,org_view=10868,org_changeCycle=0,cur_changeCycle=0,to_view=10869
info|2019-12-13 03:01:34.709642|[g:1][CONSENSUS][SEALER]++++++++++++++++ Generating seal on,blkNum=14,tx=0,nodeIdx=2,hash=e4e5b852...
info|2019-12-13 03:01:34.710337|[g:1][CONSENSUS][PBFT]checkTimeout Succ,view=10869,toView=10870,nodeIdx=2,changeCycle=0,myNode=ddb36ebb...,timecost=0.21
info|2019-12-13 03:01:34.714795|[g:1][CONSENSUS][PBFT]checkAndChangeView: Reach consensus,org_view=10869,org_changeCycle=0,cur_changeCycle=0,to_view=10870
info|2019-12-13 03:01:35.492517|[P2P][Service] heartBeat,connected count=3
info|2019-12-13 03:01:35.721007|[g:1][CONSENSUS]addRawPrepare,height=14,reqIdx=3,hash=4b6f2be3...
info|2019-12-13 03:01:35.721419|[g:1][CONSENSUS][PBFT]checkTimeout Succ,view=10870,toView=10871,nodeIdx=2,changeCycle=0,myNode=ddb36ebb...,timecost=0.378
info|2019-12-13 03:01:35.723397|[g:1][CONSENSUS][PBFT]checkAndChangeView: Reach consensus,org_view=10870,org_changeCycle=0,cur_changeCycle=0,to_view=10871
info|2019-12-13 03:01:36.725667|[g:1][CONSENSUS]addRawPrepare,height=14,reqIdx=0,hash=6ae5fe63...
info|2019-12-13 03:01:36.726196|[g:1][CONSENSUS][PBFT]checkTimeout Succ,view=10871,toView=10872,nodeIdx=2,changeCycle=0,myNode=ddb36ebb...,timecost=0.399
info|2019-12-13 03:01:36.728362|[g:1][CONSENSUS][PBFT]checkAndChangeView: Reach consensus,org_view=10871,org_changeCycle=0,cur_changeCycle=0,to_view=10872
info|2019-12-13 03:01:37.732875|[g:1][CONSENSUS]addRawPrepare,height=14,reqIdx=1,hash=3cac4e37...
info|2019-12-13 03:01:37.733585|[g:1][CONSENSUS][PBFT]checkTimeout Succ,view=10872,toView=10873,nodeIdx=2,changeCycle=0,myNode=ddb36ebb...,timecost=0.62
info|2019-12-13 03:01:37.736040|[g:1][CONSENSUS][PBFT]checkAndChangeView: Reach consensus,org_view=10872,org_changeCycle=0,cur_changeCycle=0,to_view=10873
info|2019-12-13 03:01:38.736653|[g:1][CONSENSUS][SEALER]++++++++++++++++ Generating seal on,blkNum=14,tx=0,nodeIdx=2,hash=677473a6...
info|2019-12-13 03:01:38.741131|[g:1][CONSENSUS][PBFT]checkTimeout Succ,view=10873,toView=10874,nodeIdx=2,changeCycle=0,myNode=ddb36ebb...,timecost=0.17
info|2019-12-13 03:01:38.741915|[g:1][CONSENSUS][PBFT]checkAndChangeView: Reach consensus,org_view=10873,org_changeCycle=0,cur_changeCycle=0,to_view=10874
info|2019-12-13 03:01:39.747552|[g:1][CONSENSUS]addRawPrepare,height=14,reqIdx=3,hash=ab89a072...
info|2019-12-13 03:01:39.747975|[g:1][CONSENSUS][PBFT]checkTimeout Succ,view=10874,toView=10875,nodeIdx=2,changeCycle=0,myNode=ddb36ebb...,timecost=0.385
info|2019-12-13 03:01:39.751319|[g:1][CONSENSUS][PBFT]checkAndChangeView: Reach consensus,org_view=10874,org_changeCycle=0,cur_changeCycle=0,to_view=10875
info|2019-12-13 03:01:40.755103|[g:1][CONSENSUS]addRawPrepare,height=14,reqIdx=0,hash=babf40b0...
info|2019-12-13 03:01:40.755772|[g:1][CONSENSUS][PBFT]checkTimeout Succ,view=10875,toView=10876,nodeIdx=2,changeCycle=0,myNode=ddb36ebb...,timecost=0.363
info|2019-12-13 03:01:40.758785|[g:1][CONSENSUS][PBFT]checkAndChangeView: Reach consensus,org_view=10875,org_changeCycle=0,cur_changeCycle=0,to_view=10876
info|2019-12-13 03:01:41.760127|[g:1][CONSENSUS]addRawPrepare,height=14,reqIdx=1,hash=c4f178cd...
info|2019-12-13 03:01:41.760756|[g:1][CONSENSUS][PBFT]checkTimeout Succ,view=10876,toView=10877,nodeIdx=2,changeCycle=0,myNode=ddb36ebb...,timecost=0.596
info|2019-12-13 03:01:41.763085|[g:1][CONSENSUS][PBFT]checkAndChangeView: Reach consensus,org_view=10876,org_changeCycle=0,cur_changeCycle=0,to_view=10877
info|2019-12-13 03:01:42.764217|[g:1][CONSENSUS][SEALER]++++++++++++++++ Generating seal on,blkNum=14,tx=0,nodeIdx=2,hash=783307b8...
info|2019-12-13 03:01:42.765471|[g:1][CONSENSUS][PBFT]checkTimeout Succ,view=10877,toView=10878,nodeIdx=2,changeCycle=0,myNode=ddb36ebb...,timecost=0.186
info|2019-12-13 03:01:42.769176|[g:1][CONSENSUS][PBFT]checkAndChangeView: Reach consensus,org_view=10877,org_changeCycle=0,cur_changeCycle=0,to_view=10878
info|2019-12-13 03:01:43.774160|[g:1][CONSENSUS]addRawPrepare,height=14,reqIdx=3,hash=05a39b53...
info|2019-12-13 03:01:43.774584|[g:1][CONSENSUS][PBFT]checkTimeout Succ,view=10878,toView=10879,nodeIdx=2,changeCycle=0,myNode=ddb36ebb...,timecost=0.37
info|2019-12-13 03:01:43.776572|[g:1][CONSENSUS][PBFT]checkAndChangeView: Reach consensus,org_view=10878,org_changeCycle=0,cur_changeCycle=0,to_view=10879
info|2019-12-13 03:01:44.778241|[g:1][CONSENSUS]addRawPrepare,height=14,reqIdx=0,hash=456410e1...
info|2019-12-13 03:01:44.778869|[g:1][CONSENSUS][PBFT]checkTimeout Succ,view=10879,toView=10880,nodeIdx=2,changeCycle=0,myNode=ddb36ebb...,timecost=0.35
info|2019-12-13 03:01:44.781082|[g:1][CONSENSUS][PBFT]checkAndChangeView: Reach consensus,org_view=10879,org_changeCycle=0,cur_changeCycle=0,to_view=10880
info|2019-12-13 03:01:45.492831|[P2P][Service] heartBeat,connected count=3
info|2019-12-13 03:01:45.784981|[g:1][CONSENSUS]addRawPrepare,height=14,reqIdx=1,hash=93dd59ef...
info|2019-12-13 03:01:45.785400|[g:1][CONSENSUS][PBFT]checkTimeout Succ,view=10880,toView=10881,nodeIdx=2,changeCycle=0,myNode=ddb36ebb...,timecost=0.383
info|2019-12-13 03:01:45.787594|[g:1][CONSENSUS][PBFT]checkAndChangeView: Reach consensus,org_view=10880,org_changeCycle=0,cur_changeCycle=0,to_view=10881
info|2019-12-13 03:01:46.788326|[g:1][CONSENSUS][SEALER]++++++++++++++++ Generating seal on,blkNum=14,tx=0,nodeIdx=2,hash=63ac7201...
info|2019-12-13 03:01:46.792583|[g:1][CONSENSUS][PBFT]checkTimeout Succ,view=10881,toView=10882,nodeIdx=2,changeCycle=0,myNode=ddb36ebb...,timecost=0.243
info|2019-12-13 03:01:46.793075|[g:1][CONSENSUS][PBFT]checkAndChangeView: Reach consensus,org_view=10881,org_changeCycle=0,cur_changeCycle=0,to_view=10882
info|2019-12-13 03:01:47.798013|[g:1][CONSENSUS]addRawPrepare,height=14,reqIdx=3,hash=00e16238...
info|2019-12-13 03:01:47.798397|[g:1][CONSENSUS][PBFT]checkTimeout Succ,view=10882,toView=10883,nodeIdx=2,changeCycle=0,myNode=ddb36ebb...,timecost=0.35
info|2019-12-13 03:01:47.801462|[g:1][CONSENSUS][PBFT]checkAndChangeView: Reach consensus,org_view=10882,org_changeCycle=0,cur_changeCycle=0,to_view=10883
info|2019-12-13 03:01:48.802903|[g:1][CONSENSUS]addRawPrepare,height=14,reqIdx=0,hash=b275673d...
info|2019-12-13 03:01:48.803532|[g:1][CONSENSUS][PBFT]checkTimeout Succ,view=10883,toView=10884,nodeIdx=2,changeCycle=0,myNode=ddb36ebb...,timecost=0.498
info|2019-12-13 03:01:48.806012|[g:1][CONSENSUS][PBFT]checkAndChangeView: Reach consensus,org_view=10883,org_changeCycle=0,cur_changeCycle=0,to_view=10884
info|2019-12-13 03:01:49.809714|[g:1][CONSENSUS]addRawPrepare,height=14,reqIdx=1,hash=22a6ea5e...
info|2019-12-13 03:01:49.810106|[g:1][CONSENSUS][PBFT]checkTimeout Succ,view=10884,toView=10885,nodeIdx=2,changeCycle=0,myNode=ddb36ebb...,timecost=0.297
info|2019-12-13 03:01:49.812647|[g:1][CONSENSUS][PBFT]checkAndChangeView: Reach consensus,org_view=10884,org_changeCycle=0,cur_changeCycle=0,to_view=10885
info|2019-12-13 03:01:50.812480|[g:1][CONSENSUS][SEALER]++++++++++++++++ Generating seal on,blkNum=14,tx=0,nodeIdx=2,hash=cf2b89ee...
info|2019-12-13 03:01:50.813186|[g:1][CONSENSUS][PBFT]checkTimeout Succ,view=10885,toView=10886,nodeIdx=2,changeCycle=0,myNode=ddb36ebb...,timecost=0.256
info|2019-12-13 03:01:50.816554|[g:1][CONSENSUS][PBFT]checkAndChangeView: Reach consensus,org_view=10885,org_changeCycle=0,cur_changeCycle=0,to_view=10886
info|2019-12-13 03:01:51.822429|[g:1][CONSENSUS]addRawPrepare,height=14,reqIdx=3,hash=be5864a0...
info|2019-12-13 03:01:51.822859|[g:1][CONSENSUS][PBFT]checkTimeout Succ,view=10886,toView=10887,nodeIdx=2,changeCycle=0,myNode=ddb36ebb...,timecost=0.327
info|2019-12-13 03:01:51.825316|[g:1][CONSENSUS][PBFT]checkAndChangeView: Reach consensus,org_view=10886,org_changeCycle=0,cur_changeCycle=0,to_view=10887
info|2019-12-13 03:01:52.827231|[g:1][CONSENSUS]addRawPrepare,height=14,reqIdx=0,hash=8ef09e73...
info|2019-12-13 03:01:52.827765|[g:1][CONSENSUS][PBFT]checkTimeout Succ,view=10887,toView=10888,nodeIdx=2,changeCycle=0,myNode=ddb36ebb...,timecost=0.398
info|2019-12-13 03:01:52.831406|[g:1][CONSENSUS][PBFT]checkAndChangeView: Reach consensus,org_view=10887,org_changeCycle=0,cur_changeCycle=0,to_view=10888
info|2019-12-13 03:01:53.832024|[g:1][CONSENSUS]addRawPrepare,height=14,reqIdx=1,hash=95a8ec39...
info|2019-12-13 03:01:53.832403|[g:1][CONSENSUS][PBFT]checkTimeout Succ,view=10888,toView=10889,nodeIdx=2,changeCycle=0,myNode=ddb36ebb...,timecost=0.342
info|2019-12-13 03:01:53.834825|[g:1][CONSENSUS][PBFT]checkAndChangeView: Reach consensus,org_view=10888,org_changeCycle=0,cur_changeCycle=0,to_view=10889
info|2019-12-13 03:01:54.834852|[g:1][CONSENSUS][SEALER]++++++++++++++++ Generating seal on,blkNum=14,tx=0,nodeIdx=2,hash=f6987e14...
info|2019-12-13 03:01:54.838361|[g:1][CONSENSUS][PBFT]checkTimeout Succ,view=10889,toView=10890,nodeIdx=2,changeCycle=0,myNode=ddb36ebb...,timecost=0.244
info|2019-12-13 03:01:54.839932|[g:1][CONSENSUS][PBFT]checkAndChangeView: Reach consensus,org_view=10889,org_changeCycle=0,cur_changeCycle=0,to_view=10890
info|2019-12-13 03:01:55.493009|[P2P][Service] heartBeat,connected count=3
info|2019-12-13 03:01:55.843241|[g:1][CONSENSUS]addRawPrepare,height=14,reqIdx=3,hash=1f4a3a61...
info|2019-12-13 03:01:55.843642|[g:1][CONSENSUS][PBFT]checkTimeout Succ,view=10890,toView=10891,nodeIdx=2,changeCycle=0,myNode=ddb36ebb...,timecost=0.313
info|2019-12-13 03:01:55.846535|[g:1][CONSENSUS][PBFT]checkAndChangeView: Reach consensus,org_view=10890,org_changeCycle=0,cur_changeCycle=0,to_view=10891
info|2019-12-13 03:01:56.849394|[g:1][CONSENSUS]addRawPrepare,height=14,reqIdx=0,hash=36cf831f...
info|2019-12-13 03:01:56.850085|[g:1][CONSENSUS][PBFT]checkTimeout Succ,view=10891,toView=10892,nodeIdx=2,changeCycle=0,myNode=ddb36ebb...,timecost=0.338
info|2019-12-13 03:01:56.852731|[g:1][CONSENSUS][PBFT]checkAndChangeView: Reach consensus,org_view=10891,org_changeCycle=0,cur_changeCycle=0,to_view=10892
info|2019-12-13 03:01:57.858065|[g:1][CONSENSUS]addRawPrepare,height=14,reqIdx=1,hash=ded211c4...
info|2019-12-13 03:01:57.858547|[g:1][CONSENSUS][PBFT]checkTimeout Succ,view=10892,toView=10893,nodeIdx=2,changeCycle=0,myNode=ddb36ebb...,timecost=0.431
info|2019-12-13 03:01:57.860697|[g:1][CONSENSUS][PBFT]checkAndChangeView: Reach consensus,org_view=10892,org_changeCycle=0,cur_changeCycle=0,to_view=10893
info|2019-12-13 03:01:58.861941|[g:1][CONSENSUS][SEALER]++++++++++++++++ Generating seal on,blkNum=14,tx=0,nodeIdx=2,hash=adc1b032...
info|2019-12-13 03:01:58.865669|[g:1][CONSENSUS][PBFT]checkTimeout Succ,view=10893,toView=10894,nodeIdx=2,changeCycle=0,myNode=ddb36ebb...,timecost=0.182
info|2019-12-13 03:01:58.866540|[g:1][CONSENSUS][PBFT]checkAndChangeView: Reach consensus,org_view=10893,org_changeCycle=0,cur_changeCycle=0,to_view=10894
info|2019-12-13 03:01:59.872260|[g:1][CONSENSUS]addRawPrepare,height=14,reqIdx=3,hash=45c90631...
info|2019-12-13 03:01:59.872636|[g:1][CONSENSUS][PBFT]checkTimeout Succ,view=10894,toView=10895,nodeIdx=2,changeCycle=0,myNode=ddb36ebb...,timecost=0.339
info|2019-12-13 03:01:59.875147|[g:1][CONSENSUS][PBFT]checkAndChangeView: Reach consensus,org_view=10894,org_changeCycle=0,cur_changeCycle=0,to_view=10895
info|2019-12-13 03:02:00.876186|[g:1][CONSENSUS]addRawPrepare,height=14,reqIdx=0,hash=15828bdb...
info|2019-12-13 03:02:00.876753|[g:1][CONSENSUS][PBFT]checkTimeout Succ,view=10895,toView=10896,nodeIdx=2,changeCycle=0,myNode=ddb36ebb...,timecost=0.393
info|2019-12-13 03:02:00.878959|[g:1][CONSENSUS][PBFT]checkAndChangeView: Reach consensus,org_view=10895,org_changeCycle=0,cur_changeCycle=0,to_view=10896
info|2019-12-13 03:02:01.883300|[g:1][CONSENSUS]addRawPrepare,height=14,reqIdx=1,hash=6aaf7244...
info|2019-12-13 03:02:01.884319|[g:1][CONSENSUS][PBFT]checkTimeout Succ,view=10896,toView=10897,nodeIdx=2,changeCycle=0,myNode=ddb36ebb...,timecost=0.859
info|2019-12-13 03:02:01.886841|[g:1][CONSENSUS][PBFT]checkAndChangeView: Reach consensus,org_view=10896,org_changeCycle=0,cur_changeCycle=0,to_view=10897
info|2019-12-13 03:02:02.886888|[g:1][CONSENSUS][SEALER]++++++++++++++++ Generating seal on,blkNum=14,tx=0,nodeIdx=2,hash=7271fd89...
info|2019-12-13 03:02:02.890698|[g:1][CONSENSUS][PBFT]checkTimeout Succ,view=10897,toView=10898,nodeIdx=2,changeCycle=0,myNode=ddb36ebb...,timecost=0.245
info|2019-12-13 03:02:02.892321|[g:1][CONSENSUS][PBFT]checkAndChangeView: Reach consensus,org_view=10897,org_changeCycle=0,cur_changeCycle=0,to_view=10898
info|2019-12-13 03:02:03.897677|[g:1][CONSENSUS]addRawPrepare,height=14,reqIdx=3,hash=4e428196...
info|2019-12-13 03:02:03.898073|[g:1][CONSENSUS][PBFT]checkTimeout Succ,view=10898,toView=10899,nodeIdx=2,changeCycle=0,myNode=ddb36ebb...,timecost=0.356
info|2019-12-13 03:02:03.900558|[g:1][CONSENSUS][PBFT]checkAndChangeView: Reach consensus,org_view=10898,org_changeCycle=0,cur_changeCycle=0,to_view=10899
info|2019-12-13 03:02:04.902778|[g:1][CONSENSUS]addRawPrepare,height=14,reqIdx=0,hash=39cbac47...
info|2019-12-13 03:02:04.903278|[g:1][CONSENSUS][PBFT]checkTimeout Succ,view=10899,toView=10900,nodeIdx=2,changeCycle=0,myNode=ddb36ebb...,timecost=0.278
info|2019-12-13 03:02:04.905962|[g:1][CONSENSUS][PBFT]checkAndChangeView: Reach consensus,org_view=10899,org_changeCycle=0,cur_changeCycle=0,to_view=10900
info|2019-12-13 03:02:05.493094|[P2P][Service] heartBeat,connected count=3
info|2019-12-13 03:02:05.909477|[g:1][CONSENSUS]addRawPrepare,height=14,reqIdx=1,hash=519ddc2f...
info|2019-12-13 03:02:05.910002|[g:1][CONSENSUS][PBFT]checkTimeout Succ,view=10900,toView=10901,nodeIdx=2,changeCycle=0,myNode=ddb36ebb...,timecost=0.466
info|2019-12-13 03:02:05.912986|[g:1][CONSENSUS][PBFT]checkAndChangeView: Reach consensus,org_view=10900,org_changeCycle=0,cur_changeCycle=0,to_view=10901
info|2019-12-13 03:02:06.913617|[g:1][CONSENSUS][SEALER]++++++++++++++++ Generating seal on,blkNum=14,tx=0,nodeIdx=2,hash=69190818...
info|2019-12-13 03:02:06.916880|[g:1][CONSENSUS][PBFT]checkTimeout Succ,view=10901,toView=10902,nodeIdx=2,changeCycle=0,myNode=ddb36ebb...,timecost=0.209
info|2019-12-13 03:02:06.918770|[g:1][CONSENSUS][PBFT]checkAndChangeView: Reach consensus,org_view=10901,org_changeCycle=0,cur_changeCycle=0,to_view=10902
info|2019-12-13 03:02:07.923225|[g:1][CONSENSUS]addRawPrepare,height=14,reqIdx=3,hash=ce15c987...
info|2019-12-13 03:02:07.923599|[g:1][CONSENSUS][PBFT]checkTimeout Succ,view=10902,toView=10903,nodeIdx=2,changeCycle=0,myNode=ddb36ebb...,timecost=0.338
info|2019-12-13 03:02:07.925791|[g:1][CONSENSUS][PBFT]checkAndChangeView: Reach consensus,org_view=10902,org_changeCycle=0,cur_changeCycle=0,to_view=10903
info|2019-12-13 03:02:08.928089|[g:1][CONSENSUS]addRawPrepare,height=14,reqIdx=0,hash=787c7672...
info|2019-12-13 03:02:08.928630|[g:1][CONSENSUS][PBFT]checkTimeout Succ,view=10903,toView=10904,nodeIdx=2,changeCycle=0,myNode=ddb36ebb...,timecost=0.405
info|2019-12-13 03:02:08.931282|[g:1][CONSENSUS][PBFT]checkAndChangeView: Reach consensus,org_view=10903,org_changeCycle=0,cur_changeCycle=0,to_view=10904
info|2019-12-13 03:02:09.934899|[g:1][CONSENSUS]addRawPrepare,height=14,reqIdx=1,hash=9456fa86...
info|2019-12-13 03:02:09.935343|[g:1][CONSENSUS][PBFT]checkTimeout Succ,view=10904,toView=10905,nodeIdx=2,changeCycle=0,myNode=ddb36ebb...,timecost=0.407
info|2019-12-13 03:02:09.939796|[g:1][CONSENSUS][PBFT]checkAndChangeView: Reach consensus,org_view=10904,org_changeCycle=0,cur_changeCycle=0,to_view=10905
info|2019-12-13 03:02:10.940931|[g:1][CONSENSUS][SEALER]++++++++++++++++ Generating seal on,blkNum=14,tx=0,nodeIdx=2,hash=d16278c9...
info|2019-12-13 03:02:10.944095|[g:1][CONSENSUS][PBFT]checkTimeout Succ,view=10905,toView=10906,nodeIdx=2,changeCycle=0,myNode=ddb36ebb...,timecost=0.207
info|2019-12-13 03:02:10.946473|[g:1][CONSENSUS][PBFT]checkAndChangeView: Reach consensus,org_view=10905,org_changeCycle=0,cur_changeCycle=0,to_view=10906
info|2019-12-13 03:02:11.952558|[g:1][CONSENSUS]addRawPrepare,height=14,reqIdx=3,hash=d37ee271...
info|2019-12-13 03:02:11.952933|[g:1][CONSENSUS][PBFT]checkTimeout Succ,view=10906,toView=10907,nodeIdx=2,changeCycle=0,myNode=ddb36ebb...,timecost=0.34
info|2019-12-13 03:02:11.957988|[g:1][CONSENSUS][PBFT]checkAndChangeView: Reach consensus,org_view=10906,org_changeCycle=0,cur_changeCycle=0,to_view=10907
info|2019-12-13 03:02:12.959692|[g:1][CONSENSUS]addRawPrepare,height=14,reqIdx=0,hash=df74a725...
info|2019-12-13 03:02:12.960165|[g:1][CONSENSUS][PBFT]checkTimeout Succ,view=10907,toView=10908,nodeIdx=2,changeCycle=0,myNode=ddb36ebb...,timecost=0.336
info|2019-12-13 03:02:12.962736|[g:1][CONSENSUS][PBFT]checkAndChangeView: Reach consensus,org_view=10907,org_changeCycle=0,cur_changeCycle=0,to_view=10908
info|2019-12-13 03:02:13.966159|[g:1][CONSENSUS]addRawPrepare,height=14,reqIdx=1,hash=3b9b278e...
info|2019-12-13 03:02:13.966603|[g:1][CONSENSUS][PBFT]checkTimeout Succ,view=10908,toView=10909,nodeIdx=2,changeCycle=0,myNode=ddb36ebb...,timecost=0.41
info|2019-12-13 03:02:13.969981|[g:1][CONSENSUS][PBFT]checkAndChangeView: Reach consensus,org_view=10908,org_changeCycle=0,cur_changeCycle=0,to_view=10909
info|2019-12-13 03:02:14.971142|[g:1][CONSENSUS][SEALER]++++++++++++++++ Generating seal on,blkNum=14,tx=0,nodeIdx=2,hash=8dc72dca...
info|2019-12-13 03:02:14.971827|[g:1][CONSENSUS][PBFT]checkTimeout Succ,view=10909,toView=10910,nodeIdx=2,changeCycle=0,myNode=ddb36ebb...,timecost=0.298
info|2019-12-13 03:02:14.976099|[g:1][CONSENSUS][PBFT]checkAndChangeView: Reach consensus,org_view=10909,org_changeCycle=0,cur_changeCycle=0,to_view=10910
info|2019-12-13 03:02:15.493254|[P2P][Service] heartBeat,connected count=3
info|2019-12-13 03:02:15.980986|[g:1][CONSENSUS]addRawPrepare,height=14,reqIdx=3,hash=f933308f...
info|2019-12-13 03:02:15.981393|[g:1][CONSENSUS][PBFT]checkTimeout Succ,view=10910,toView=10911,nodeIdx=2,changeCycle=0,myNode=ddb36ebb...,timecost=0.372
info|2019-12-13 03:02:15.983296|[g:1][CONSENSUS][PBFT]checkAndChangeView: Reach consensus,org_view=10910,org_changeCycle=0,cur_changeCycle=0,to_view=10911
info|2019-12-13 03:02:16.985967|[g:1][CONSENSUS]addRawPrepare,height=14,reqIdx=0,hash=dba88efe...
info|2019-12-13 03:02:16.986474|[g:1][CONSENSUS][PBFT]checkTimeout Succ,view=10911,toView=10912,nodeIdx=2,changeCycle=0,myNode=ddb36ebb...,timecost=0.29
info|2019-12-13 03:02:16.988881|[g:1][CONSENSUS][PBFT]checkAndChangeView: Reach consensus,org_view=10911,org_changeCycle=0,cur_changeCycle=0,to_view=10912
info|2019-12-13 03:02:17.992487|[g:1][CONSENSUS]addRawPrepare,height=14,reqIdx=1,hash=833cb29a...
info|2019-12-13 03:02:17.992849|[g:1][CONSENSUS][PBFT]checkTimeout Succ,view=10912,toView=10913,nodeIdx=2,changeCycle=0,myNode=ddb36ebb...,timecost=0.304
info|2019-12-13 03:02:17.995378|[g:1][CONSENSUS][PBFT]checkAndChangeView: Reach consensus,org_view=10912,org_changeCycle=0,cur_changeCycle=0,to_view=10913
info|2019-12-13 03:02:18.995589|[g:1][CONSENSUS][SEALER]++++++++++++++++ Generating seal on,blkNum=14,tx=0,nodeIdx=2,hash=5f62bab8...
info|2019-12-13 03:02:18.999460|[g:1][CONSENSUS][PBFT]checkTimeout Succ,view=10913,toView=10914,nodeIdx=2,changeCycle=0,myNode=ddb36ebb...,timecost=0.183
info|2019-12-13 03:02:19.000333|[g:1][CONSENSUS][PBFT]checkAndChangeView: Reach consensus,org_view=10913,org_changeCycle=0,cur_changeCycle=0,to_view=10914
info|2019-12-13 03:02:20.006775|[g:1][CONSENSUS]addRawPrepare,height=14,reqIdx=3,hash=e5ff6bb1...
info|2019-12-13 03:02:20.007125|[g:1][CONSENSUS][PBFT]checkTimeout Succ,view=10914,toView=10915,nodeIdx=2,changeCycle=0,myNode=ddb36ebb...,timecost=0.324
info|2019-12-13 03:02:20.009484|[g:1][CONSENSUS][PBFT]checkAndChangeView: Reach consensus,org_view=10914,org_changeCycle=0,cur_changeCycle=0,to_view=10915
info|2019-12-13 03:02:21.011737|[g:1][CONSENSUS]addRawPrepare,height=14,reqIdx=0,hash=3843bce7...
info|2019-12-13 03:02:21.012234|[g:1][CONSENSUS][PBFT]checkTimeout Succ,view=10915,toView=10916,nodeIdx=2,changeCycle=0,myNode=ddb36ebb...,timecost=0.352
info|2019-12-13 03:02:21.014890|[g:1][CONSENSUS][PBFT]checkAndChangeView: Reach consensus,org_view=10915,org_changeCycle=0,cur_changeCycle=0,to_view=10916
info|2019-12-13 03:02:22.018031|[g:1][CONSENSUS]addRawPrepare,height=14,reqIdx=1,hash=37216067...
info|2019-12-13 03:02:22.018409|[g:1][CONSENSUS][PBFT]checkTimeout Succ,view=10916,toView=10917,nodeIdx=2,changeCycle=0,myNode=ddb36ebb...,timecost=0.344
info|2019-12-13 03:02:22.020822|[g:1][CONSENSUS][PBFT]checkAndChangeView: Reach consensus,org_view=10916,org_changeCycle=0,cur_changeCycle=0,to_view=10917
info|2019-12-13 03:02:23.020978|[g:1][CONSENSUS][SEALER]++++++++++++++++ Generating seal on,blkNum=14,tx=0,nodeIdx=2,hash=bd8adcb2...
info|2019-12-13 03:02:23.024253|[g:1][CONSENSUS][PBFT]checkTimeout Succ,view=10917,toView=10918,nodeIdx=2,changeCycle=0,myNode=ddb36ebb...,timecost=0.194
info|2019-12-13 03:02:23.026458|[g:1][CONSENSUS][PBFT]checkAndChangeView: Reach consensus,org_view=10917,org_changeCycle=0,cur_changeCycle=0,to_view=10918
info|2019-12-13 03:02:24.031228|[g:1][CONSENSUS]addRawPrepare,height=14,reqIdx=3,hash=64114ff4...
info|2019-12-13 03:02:24.031600|[g:1][CONSENSUS][PBFT]checkTimeout Succ,view=10918,toView=10919,nodeIdx=2,changeCycle=0,myNode=ddb36ebb...,timecost=0.337
info|2019-12-13 03:02:24.033833|[g:1][CONSENSUS][PBFT]checkAndChangeView: Reach consensus,org_view=10918,org_changeCycle=0,cur_changeCycle=0,to_view=10919
info|2019-12-13 03:02:25.036061|[g:1][CONSENSUS]addRawPrepare,height=14,reqIdx=0,hash=f72a4108...
info|2019-12-13 03:02:25.036548|[g:1][CONSENSUS][PBFT]checkTimeout Succ,view=10919,toView=10920,nodeIdx=2,changeCycle=0,myNode=ddb36ebb...,timecost=0.358
info|2019-12-13 03:02:25.038871|[g:1][CONSENSUS][PBFT]checkAndChangeView: Reach consensus,org_view=10919,org_changeCycle=0,cur_changeCycle=0,to_view=10920
info|2019-12-13 03:02:25.494080|[P2P][Service] heartBeat,connected count=3
info|2019-12-13 03:02:26.042368|[g:1][CONSENSUS]addRawPrepare,height=14,reqIdx=1,hash=63206660...
info|2019-12-13 03:02:26.042732|[g:1][CONSENSUS][PBFT]checkTimeout Succ,view=10920,toView=10921,nodeIdx=2,changeCycle=0,myNode=ddb36ebb...,timecost=0.305
info|2019-12-13 03:02:26.044934|[g:1][CONSENSUS][PBFT]checkAndChangeView: Reach consensus,org_view=10920,org_changeCycle=0,cur_changeCycle=0,to_view=10921
info|2019-12-13 03:02:27.045139|[g:1][CONSENSUS][SEALER]++++++++++++++++ Generating seal on,blkNum=14,tx=0,nodeIdx=2,hash=28ef293c...
info|2019-12-13 03:02:27.048468|[g:1][CONSENSUS][PBFT]checkTimeout Succ,view=10921,toView=10922,nodeIdx=2,changeCycle=0,myNode=ddb36ebb...,timecost=0.173
info|2019-12-13 03:02:27.048928|[g:1][CONSENSUS][PBFT]checkAndChangeView: Reach consensus,org_view=10921,org_changeCycle=0,cur_changeCycle=0,to_view=10922
info|2019-12-13 03:02:28.054173|[g:1][CONSENSUS]addRawPrepare,height=14,reqIdx=3,hash=793ed433...
info|2019-12-13 03:02:28.054712|[g:1][CONSENSUS][PBFT]checkTimeout Succ,view=10922,toView=10923,nodeIdx=2,changeCycle=0,myNode=ddb36ebb...,timecost=0.5
info|2019-12-13 03:02:28.057819|[g:1][CONSENSUS][PBFT]checkAndChangeView: Reach consensus,org_view=10922,org_changeCycle=0,cur_changeCycle=0,to_view=10923
info|2019-12-13 03:02:29.059874|[g:1][CONSENSUS]addRawPrepare,height=14,reqIdx=0,hash=43a586c6...
info|2019-12-13 03:02:29.060398|[g:1][CONSENSUS][PBFT]checkTimeout Succ,view=10923,toView=10924,nodeIdx=2,changeCycle=0,myNode=ddb36ebb...,timecost=0.396
info|2019-12-13 03:02:29.062706|[g:1][CONSENSUS][PBFT]checkAndChangeView: Reach consensus,org_view=10923,org_changeCycle=0,cur_changeCycle=0,to_view=10924
info|2019-12-13 03:02:30.067160|[g:1][CONSENSUS]addRawPrepare,height=14,reqIdx=1,hash=bba61287...
info|2019-12-13 03:02:30.067554|[g:1][CONSENSUS][PBFT]checkTimeout Succ,view=10924,toView=10925,nodeIdx=2,changeCycle=0,myNode=ddb36ebb...,timecost=0.357
info|2019-12-13 03:02:30.070174|[g:1][CONSENSUS][PBFT]checkAndChangeView: Reach consensus,org_view=10924,org_changeCycle=0,cur_changeCycle=0,to_view=10925
info|2019-12-13 03:02:31.070397|[g:1][CONSENSUS][SEALER]++++++++++++++++ Generating seal on,blkNum=14,tx=0,nodeIdx=2,hash=e79f7f14...
info|2019-12-13 03:02:31.071061|[g:1][CONSENSUS][PBFT]checkTimeout Succ,view=10925,toView=10926,nodeIdx=2,changeCycle=0,myNode=ddb36ebb...,timecost=0.201
info|2019-12-13 03:02:31.074834|[g:1][CONSENSUS][PBFT]checkAndChangeView: Reach consensus,org_view=10925,org_changeCycle=0,cur_changeCycle=0,to_view=10926
info|2019-12-13 03:02:32.079062|[g:1][CONSENSUS]addRawPrepare,height=14,reqIdx=3,hash=b0373167...
info|2019-12-13 03:02:32.079400|[g:1][CONSENSUS][PBFT]checkTimeout Succ,view=10926,toView=10927,nodeIdx=2,changeCycle=0,myNode=ddb36ebb...,timecost=0.301
info|2019-12-13 03:02:32.082018|[g:1][CONSENSUS][PBFT]checkAndChangeView: Reach consensus,org_view=10926,org_changeCycle=0,cur_changeCycle=0,to_view=10927
info|2019-12-13 03:02:33.085485|[g:1][CONSENSUS]addRawPrepare,height=14,reqIdx=0,hash=ee5d75ee...
info|2019-12-13 03:02:33.086227|[g:1][CONSENSUS][PBFT]checkTimeout Succ,view=10927,toView=10928,nodeIdx=2,changeCycle=0,myNode=ddb36ebb...,timecost=0.487
info|2019-12-13 03:02:33.091614|[g:1][CONSENSUS][PBFT]checkAndChangeView: Reach consensus,org_view=10927,org_changeCycle=0,cur_changeCycle=0,to_view=10928
info|2019-12-13 03:02:34.094107|[g:1][CONSENSUS]addRawPrepare,height=14,reqIdx=1,hash=c8332369...
info|2019-12-13 03:02:34.094510|[g:1][CONSENSUS][PBFT]checkTimeout Succ,view=10928,toView=10929,nodeIdx=2,changeCycle=0,myNode=ddb36ebb...,timecost=0.383
info|2019-12-13 03:02:34.096816|[g:1][CONSENSUS][PBFT]checkAndChangeView: Reach consensus,org_view=10928,org_changeCycle=0,cur_changeCycle=0,to_view=10929
info|2019-12-13 03:02:35.096839|[g:1][CONSENSUS][SEALER]++++++++++++++++ Generating seal on,blkNum=14,tx=0,nodeIdx=2,hash=ff9a4e71...
info|2019-12-13 03:02:35.100230|[g:1][CONSENSUS][PBFT]checkTimeout Succ,view=10929,toView=10930,nodeIdx=2,changeCycle=0,myNode=ddb36ebb...,timecost=0.2
info|2019-12-13 03:02:35.100993|[g:1][CONSENSUS][PBFT]checkAndChangeView: Reach consensus,org_view=10929,org_changeCycle=0,cur_changeCycle=0,to_view=10930
info|2019-12-13 03:02:35.494261|[P2P][Service] heartBeat,connected count=3
info|2019-12-13 03:02:36.106118|[g:1][CONSENSUS]addRawPrepare,height=14,reqIdx=3,hash=0e18dfa6...
info|2019-12-13 03:02:36.106505|[g:1][CONSENSUS][PBFT]checkTimeout Succ,view=10930,toView=10931,nodeIdx=2,changeCycle=0,myNode=ddb36ebb...,timecost=0.35
info|2019-12-13 03:02:36.108752|[g:1][CONSENSUS][PBFT]checkAndChangeView: Reach consensus,org_view=10930,org_changeCycle=0,cur_changeCycle=0,to_view=10931
info|2019-12-13 03:02:37.110525|[g:1][CONSENSUS]addRawPrepare,height=14,reqIdx=0,hash=795abc26...
info|2019-12-13 03:02:37.111121|[g:1][CONSENSUS][PBFT]checkTimeout Succ,view=10931,toView=10932,nodeIdx=2,changeCycle=0,myNode=ddb36ebb...,timecost=0.405
info|2019-12-13 03:02:37.113586|[g:1][CONSENSUS][PBFT]checkAndChangeView: Reach consensus,org_view=10931,org_changeCycle=0,cur_changeCycle=0,to_view=10932
info|2019-12-13 03:02:38.117105|[g:1][CONSENSUS]addRawPrepare,height=14,reqIdx=1,hash=adc0a5ce...
info|2019-12-13 03:02:38.117486|[g:1][CONSENSUS][PBFT]checkTimeout Succ,view=10932,toView=10933,nodeIdx=2,changeCycle=0,myNode=ddb36ebb...,timecost=0.343
info|2019-12-13 03:02:38.119531|[g:1][CONSENSUS][PBFT]checkAndChangeView: Reach consensus,org_view=10932,org_changeCycle=0,cur_changeCycle=0,to_view=10933
info|2019-12-13 03:02:39.119322|[g:1][CONSENSUS][SEALER]++++++++++++++++ Generating seal on,blkNum=14,tx=0,nodeIdx=2,hash=8136919d...
info|2019-12-13 03:02:39.122377|[g:1][CONSENSUS][PBFT]checkTimeout Succ,view=10933,toView=10934,nodeIdx=2,changeCycle=0,myNode=ddb36ebb...,timecost=0.208
info|2019-12-13 03:02:39.123165|[g:1][CONSENSUS][PBFT]checkAndChangeView: Reach consensus,org_view=10933,org_changeCycle=0,cur_changeCycle=0,to_view=10934
info|2019-12-13 03:02:40.127513|[g:1][CONSENSUS]addRawPrepare,height=14,reqIdx=3,hash=01ad1e56...
info|2019-12-13 03:02:40.127864|[g:1][CONSENSUS][PBFT]checkTimeout Succ,view=10934,toView=10935,nodeIdx=2,changeCycle=0,myNode=ddb36ebb...,timecost=0.313
info|2019-12-13 03:02:40.130222|[g:1][CONSENSUS][PBFT]checkAndChangeView: Reach consensus,org_view=10934,org_changeCycle=0,cur_changeCycle=0,to_view=10935
info|2019-12-13 03:02:41.132676|[g:1][CONSENSUS]addRawPrepare,height=14,reqIdx=0,hash=e3039508...
info|2019-12-13 03:02:41.133259|[g:1][CONSENSUS][PBFT]checkTimeout Succ,view=10935,toView=10936,nodeIdx=2,changeCycle=0,myNode=ddb36ebb...,timecost=0.41
info|2019-12-13 03:02:41.135529|[g:1][CONSENSUS][PBFT]checkAndChangeView: Reach consensus,org_view=10935,org_changeCycle=0,cur_changeCycle=0,to_view=10936
info|2019-12-13 03:02:42.139362|[g:1][CONSENSUS]addRawPrepare,height=14,reqIdx=1,hash=1f111488...
info|2019-12-13 03:02:42.139765|[g:1][CONSENSUS][PBFT]checkTimeout Succ,view=10936,toView=10937,nodeIdx=2,changeCycle=0,myNode=ddb36ebb...,timecost=0.366
info|2019-12-13 03:02:42.142417|[g:1][CONSENSUS][PBFT]checkAndChangeView: Reach consensus,org_view=10936,org_changeCycle=0,cur_changeCycle=0,to_view=10937
info|2019-12-13 03:02:43.143555|[g:1][CONSENSUS][SEALER]++++++++++++++++ Generating seal on,blkNum=14,tx=0,nodeIdx=2,hash=f752db73...
info|2019-12-13 03:02:43.147549|[g:1][CONSENSUS][PBFT]checkTimeout Succ,view=10937,toView=10938,nodeIdx=2,changeCycle=0,myNode=ddb36ebb...,timecost=0.189
info|2019-12-13 03:02:43.148900|[g:1][CONSENSUS][PBFT]checkAndChangeView: Reach consensus,org_view=10937,org_changeCycle=0,cur_changeCycle=0,to_view=10938
info|2019-12-13 03:02:44.154936|[g:1][CONSENSUS]addRawPrepare,height=14,reqIdx=3,hash=31d7f627...
info|2019-12-13 03:02:44.155348|[g:1][CONSENSUS][PBFT]checkTimeout Succ,view=10938,toView=10939,nodeIdx=2,changeCycle=0,myNode=ddb36ebb...,timecost=0.368
info|2019-12-13 03:02:44.157598|[g:1][CONSENSUS][PBFT]checkAndChangeView: Reach consensus,org_view=10938,org_changeCycle=0,cur_changeCycle=0,to_view=10939
info|2019-12-13 03:02:45.159853|[g:1][CONSENSUS]addRawPrepare,height=14,reqIdx=0,hash=54905772...
info|2019-12-13 03:02:45.160327|[g:1][CONSENSUS][PBFT]checkTimeout Succ,view=10939,toView=10940,nodeIdx=2,changeCycle=0,myNode=ddb36ebb...,timecost=0.293
info|2019-12-13 03:02:45.162713|[g:1][CONSENSUS][PBFT]checkAndChangeView: Reach consensus,org_view=10939,org_changeCycle=0,cur_changeCycle=0,to_view=10940
info|2019-12-13 03:02:45.494602|[P2P][Service] heartBeat,connected count=3
info|2019-12-13 03:02:46.165996|[g:1][CONSENSUS]addRawPrepare,height=14,reqIdx=1,hash=d7848dab...
info|2019-12-13 03:02:46.166360|[g:1][CONSENSUS][PBFT]checkTimeout Succ,view=10940,toView=10941,nodeIdx=2,changeCycle=0,myNode=ddb36ebb...,timecost=0.302
info|2019-12-13 03:02:46.169829|[g:1][CONSENSUS][PBFT]checkAndChangeView: Reach consensus,org_view=10940,org_changeCycle=0,cur_changeCycle=0,to_view=10941
info|2019-12-13 03:02:47.169533|[g:1][CONSENSUS][SEALER]++++++++++++++++ Generating seal on,blkNum=14,tx=0,nodeIdx=2,hash=12c578a3...
info|2019-12-13 03:02:47.172294|[g:1][CONSENSUS][PBFT]checkTimeout Succ,view=10941,toView=10942,nodeIdx=2,changeCycle=0,myNode=ddb36ebb...,timecost=0.183
info|2019-12-13 03:02:47.174839|[g:1][CONSENSUS][PBFT]checkAndChangeView: Reach consensus,org_view=10941,org_changeCycle=0,cur_changeCycle=0,to_view=10942
info|2019-12-13 03:02:48.181292|[g:1][CONSENSUS]addRawPrepare,height=14,reqIdx=3,hash=8d0fbf49...
info|2019-12-13 03:02:48.181735|[g:1][CONSENSUS][PBFT]checkTimeout Succ,view=10942,toView=10943,nodeIdx=2,changeCycle=0,myNode=ddb36ebb...,timecost=0.409
info|2019-12-13 03:02:48.183721|[g:1][CONSENSUS][PBFT]checkAndChangeView: Reach consensus,org_view=10942,org_changeCycle=0,cur_changeCycle=0,to_view=10943
info|2019-12-13 03:02:49.185839|[g:1][CONSENSUS]addRawPrepare,height=14,reqIdx=0,hash=e2d0b9fd...
info|2019-12-13 03:02:49.186338|[g:1][CONSENSUS][PBFT]checkTimeout Succ,view=10943,toView=10944,nodeIdx=2,changeCycle=0,myNode=ddb36ebb...,timecost=0.297
info|2019-12-13 03:02:49.188869|[g:1][CONSENSUS][PBFT]checkAndChangeView: Reach consensus,org_view=10943,org_changeCycle=0,cur_changeCycle=0,to_view=10944
info|2019-12-13 03:02:50.192182|[g:1][CONSENSUS]addRawPrepare,height=14,reqIdx=1,hash=04e75329...
info|2019-12-13 03:02:50.192514|[g:1][CONSENSUS][PBFT]checkTimeout Succ,view=10944,toView=10945,nodeIdx=2,changeCycle=0,myNode=ddb36ebb...,timecost=0.296
info|2019-12-13 03:02:50.194942|[g:1][CONSENSUS][PBFT]checkAndChangeView: Reach consensus,org_view=10944,org_changeCycle=0,cur_changeCycle=0,to_view=10945
info|2019-12-13 03:02:51.195942|[g:1][CONSENSUS][SEALER]++++++++++++++++ Generating seal on,blkNum=14,tx=0,nodeIdx=2,hash=628d0286...
info|2019-12-13 03:02:51.199333|[g:1][CONSENSUS][PBFT]checkTimeout Succ,view=10945,toView=10946,nodeIdx=2,changeCycle=0,myNode=ddb36ebb...,timecost=0.231
info|2019-12-13 03:02:51.200066|[g:1][CONSENSUS][PBFT]checkAndChangeView: Reach consensus,org_view=10945,org_changeCycle=0,cur_changeCycle=0,to_view=10946
info|2019-12-13 03:02:52.205838|[g:1][CONSENSUS]addRawPrepare,height=14,reqIdx=3,hash=d28f0a5c...
info|2019-12-13 03:02:52.206194|[g:1][CONSENSUS][PBFT]checkTimeout Succ,view=10946,toView=10947,nodeIdx=2,changeCycle=0,myNode=ddb36ebb...,timecost=0.32
info|2019-12-13 03:02:52.208610|[g:1][CONSENSUS][PBFT]checkAndChangeView: Reach consensus,org_view=10946,org_changeCycle=0,cur_changeCycle=0,to_view=10947
info|2019-12-13 03:02:53.212676|[g:1][CONSENSUS]addRawPrepare,height=14,reqIdx=0,hash=a6f6090c...
info|2019-12-13 03:02:53.213385|[g:1][CONSENSUS][PBFT]checkTimeout Succ,view=10947,toView=10948,nodeIdx=2,changeCycle=0,myNode=ddb36ebb...,timecost=0.441
info|2019-12-13 03:02:53.215641|[g:1][CONSENSUS][PBFT]checkAndChangeView: Reach consensus,org_view=10947,org_changeCycle=0,cur_changeCycle=0,to_view=10948
info|2019-12-13 03:02:54.220289|[g:1][CONSENSUS]addRawPrepare,height=14,reqIdx=1,hash=84c910ac...
info|2019-12-13 03:02:54.220666|[g:1][CONSENSUS][PBFT]checkTimeout Succ,view=10948,toView=10949,nodeIdx=2,changeCycle=0,myNode=ddb36ebb...,timecost=0.341
info|2019-12-13 03:02:54.223103|[g:1][CONSENSUS][PBFT]checkAndChangeView: Reach consensus,org_view=10948,org_changeCycle=0,cur_changeCycle=0,to_view=10949
info|2019-12-13 03:02:55.224095|[g:1][CONSENSUS][SEALER]++++++++++++++++ Generating seal on,blkNum=14,tx=0,nodeIdx=2,hash=0c3215fa...
info|2019-12-13 03:02:55.227618|[g:1][CONSENSUS][PBFT]checkTimeout Succ,view=10949,toView=10950,nodeIdx=2,changeCycle=0,myNode=ddb36ebb...,timecost=0.27
info|2019-12-13 03:02:55.228404|[g:1][CONSENSUS][PBFT]checkAndChangeView: Reach consensus,org_view=10949,org_changeCycle=0,cur_changeCycle=0,to_view=10950
info|2019-12-13 03:02:55.495025|[P2P][Service] heartBeat,connected count=3
info|2019-12-13 03:02:56.234547|[g:1][CONSENSUS]addRawPrepare,height=14,reqIdx=3,hash=b362ea77...
info|2019-12-13 03:02:56.234916|[g:1][CONSENSUS][PBFT]checkTimeout Succ,view=10950,toView=10951,nodeIdx=2,changeCycle=0,myNode=ddb36ebb...,timecost=0.326
info|2019-12-13 03:02:56.237388|[g:1][CONSENSUS][PBFT]checkAndChangeView: Reach consensus,org_view=10950,org_changeCycle=0,cur_changeCycle=0,to_view=10951
info|2019-12-13 03:02:57.240427|[g:1][CONSENSUS]addRawPrepare,height=14,reqIdx=0,hash=07184e57...
info|2019-12-13 03:02:57.240932|[g:1][CONSENSUS][PBFT]checkTimeout Succ,view=10951,toView=10952,nodeIdx=2,changeCycle=0,myNode=ddb36ebb...,timecost=0.278
info|2019-12-13 03:02:57.243316|[g:1][CONSENSUS][PBFT]checkAndChangeView: Reach consensus,org_view=10951,org_changeCycle=0,cur_changeCycle=0,to_view=10952
info|2019-12-13 03:02:58.247293|[g:1][CONSENSUS]addRawPrepare,height=14,reqIdx=1,hash=9e5deaa3...
info|2019-12-13 03:02:58.247692|[g:1][CONSENSUS][PBFT]checkTimeout Succ,view=10952,toView=10953,nodeIdx=2,changeCycle=0,myNode=ddb36ebb...,timecost=0.365
info|2019-12-13 03:02:58.250537|[g:1][CONSENSUS][PBFT]checkAndChangeView: Reach consensus,org_view=10952,org_changeCycle=0,cur_changeCycle=0,to_view=10953
info|2019-12-13 03:02:59.250755|[g:1][CONSENSUS][SEALER]++++++++++++++++ Generating seal on,blkNum=14,tx=0,nodeIdx=2,hash=7880954d...
info|2019-12-13 03:02:59.251353|[g:1][CONSENSUS][PBFT]checkTimeout Succ,view=10953,toView=10954,nodeIdx=2,changeCycle=0,myNode=ddb36ebb...,timecost=0.185
info|2019-12-13 03:02:59.255093|[g:1][CONSENSUS][PBFT]checkAndChangeView: Reach consensus,org_view=10953,org_changeCycle=0,cur_changeCycle=0,to_view=10954
info|2019-12-13 03:03:00.259939|[g:1][CONSENSUS]addRawPrepare,height=14,reqIdx=3,hash=b0e9b291...
info|2019-12-13 03:03:00.260299|[g:1][CONSENSUS][PBFT]checkTimeout Succ,view=10954,toView=10955,nodeIdx=2,changeCycle=0,myNode=ddb36ebb...,timecost=0.324
info|2019-12-13 03:03:00.262538|[g:1][CONSENSUS][PBFT]checkAndChangeView: Reach consensus,org_view=10954,org_changeCycle=0,cur_changeCycle=0,to_view=10955
info|2019-12-13 03:03:01.264316|[g:1][CONSENSUS]addRawPrepare,height=14,reqIdx=0,hash=e1bcf914...
info|2019-12-13 03:03:01.264789|[g:1][CONSENSUS][PBFT]checkTimeout Succ,view=10955,toView=10956,nodeIdx=2,changeCycle=0,myNode=ddb36ebb...,timecost=0.328
info|2019-12-13 03:03:01.267106|[g:1][CONSENSUS][PBFT]checkAndChangeView: Reach consensus,org_view=10955,org_changeCycle=0,cur_changeCycle=0,to_view=10956
info|2019-12-13 03:03:02.270112|[g:1][CONSENSUS]addRawPrepare,height=14,reqIdx=1,hash=1934d28b...
info|2019-12-13 03:03:02.270474|[g:1][CONSENSUS][PBFT]checkTimeout Succ,view=10956,toView=10957,nodeIdx=2,changeCycle=0,myNode=ddb36ebb...,timecost=0.323
info|2019-12-13 03:03:02.274380|[g:1][CONSENSUS][PBFT]checkAndChangeView: Reach consensus,org_view=10956,org_changeCycle=0,cur_changeCycle=0,to_view=10957
info|2019-12-13 03:03:03.275259|[g:1][CONSENSUS][SEALER]++++++++++++++++ Generating seal on,blkNum=14,tx=0,nodeIdx=2,hash=50ecd898...
info|2019-12-13 03:03:03.279612|[g:1][CONSENSUS][PBFT]checkTimeout Succ,view=10957,toView=10958,nodeIdx=2,changeCycle=0,myNode=ddb36ebb...,timecost=0.19
info|2019-12-13 03:03:03.280320|[g:1][CONSENSUS][PBFT]checkAndChangeView: Reach consensus,org_view=10957,org_changeCycle=0,cur_changeCycle=0,to_view=10958
info|2019-12-13 03:03:04.283943|[g:1][CONSENSUS]addRawPrepare,height=14,reqIdx=3,hash=91c57a85...
info|2019-12-13 03:03:04.284363|[g:1][CONSENSUS][PBFT]checkTimeout Succ,view=10958,toView=10959,nodeIdx=2,changeCycle=0,myNode=ddb36ebb...,timecost=0.328
info|2019-12-13 03:03:04.287186|[g:1][CONSENSUS][PBFT]checkAndChangeView: Reach consensus,org_view=10958,org_changeCycle=0,cur_changeCycle=0,to_view=10959
info|2019-12-13 03:03:05.287449|[g:1][CONSENSUS]addRawPrepare,height=14,reqIdx=0,hash=ac7a9af7...
info|2019-12-13 03:03:05.287955|[g:1][CONSENSUS][PBFT]checkTimeout Succ,view=10959,toView=10960,nodeIdx=2,changeCycle=0,myNode=ddb36ebb...,timecost=0.291
info|2019-12-13 03:03:05.290339|[g:1][CONSENSUS][PBFT]checkAndChangeView: Reach consensus,org_view=10959,org_changeCycle=0,cur_changeCycle=0,to_view=10960
info|2019-12-13 03:03:05.495820|[P2P][Service] heartBeat,connected count=3
info|2019-12-13 03:03:06.295017|[g:1][CONSENSUS]addRawPrepare,height=14,reqIdx=1,hash=26e9985b...
info|2019-12-13 03:03:06.295760|[g:1][CONSENSUS][PBFT]checkTimeout Succ,view=10960,toView=10961,nodeIdx=2,changeCycle=0,myNode=ddb36ebb...,timecost=0.793
info|2019-12-13 03:03:06.299301|[g:1][CONSENSUS][PBFT]checkAndChangeView: Reach consensus,org_view=10960,org_changeCycle=0,cur_changeCycle=0,to_view=10961
info|2019-12-13 03:03:07.300722|[g:1][CONSENSUS][SEALER]++++++++++++++++ Generating seal on,blkNum=14,tx=0,nodeIdx=2,hash=daff5306...
info|2019-12-13 03:03:07.304021|[g:1][CONSENSUS][PBFT]checkTimeout Succ,view=10961,toView=10962,nodeIdx=2,changeCycle=0,myNode=ddb36ebb...,timecost=0.26
info|2019-12-13 03:03:07.306044|[g:1][CONSENSUS][PBFT]checkAndChangeView: Reach consensus,org_view=10961,org_changeCycle=0,cur_changeCycle=0,to_view=10962
info|2019-12-13 03:03:08.311911|[g:1][CONSENSUS]addRawPrepare,height=14,reqIdx=3,hash=fddbbeb0...
info|2019-12-13 03:03:08.312246|[g:1][CONSENSUS][PBFT]checkTimeout Succ,view=10962,toView=10963,nodeIdx=2,changeCycle=0,myNode=ddb36ebb...,timecost=0.298
info|2019-12-13 03:03:08.314645|[g:1][CONSENSUS][PBFT]checkAndChangeView: Reach consensus,org_view=10962,org_changeCycle=0,cur_changeCycle=0,to_view=10963
info|2019-12-13 03:03:09.317260|[g:1][CONSENSUS]addRawPrepare,height=14,reqIdx=0,hash=e84ab165...
info|2019-12-13 03:03:09.317748|[g:1][CONSENSUS][PBFT]checkTimeout Succ,view=10963,toView=10964,nodeIdx=2,changeCycle=0,myNode=ddb36ebb...,timecost=0.341
info|2019-12-13 03:03:09.320081|[g:1][CONSENSUS][PBFT]checkAndChangeView: Reach consensus,org_view=10963,org_changeCycle=0,cur_changeCycle=0,to_view=10964
info|2019-12-13 03:03:10.324395|[g:1][CONSENSUS]addRawPrepare,height=14,reqIdx=1,hash=a537fd31...
info|2019-12-13 03:03:10.324899|[g:1][CONSENSUS][PBFT]checkTimeout Succ,view=10964,toView=10965,nodeIdx=2,changeCycle=0,myNode=ddb36ebb...,timecost=0.434
info|2019-12-13 03:03:10.332038|[g:1][CONSENSUS][PBFT]checkAndChangeView: Reach consensus,org_view=10964,org_changeCycle=0,cur_changeCycle=0,to_view=10965
info|2019-12-13 03:03:11.332529|[g:1][CONSENSUS][SEALER]++++++++++++++++ Generating seal on,blkNum=14,tx=0,nodeIdx=2,hash=d5a11223...
info|2019-12-13 03:03:11.335489|[g:1][CONSENSUS][PBFT]checkTimeout Succ,view=10965,toView=10966,nodeIdx=2,changeCycle=0,myNode=ddb36ebb...,timecost=0.244
info|2019-12-13 03:03:11.337573|[g:1][CONSENSUS][PBFT]checkAndChangeView: Reach consensus,org_view=10965,org_changeCycle=0,cur_changeCycle=0,to_view=10966
info|2019-12-13 03:03:12.342928|[g:1][CONSENSUS]addRawPrepare,height=14,reqIdx=3,hash=92a48fff...
info|2019-12-13 03:03:12.343337|[g:1][CONSENSUS][PBFT]checkTimeout Succ,view=10966,toView=10967,nodeIdx=2,changeCycle=0,myNode=ddb36ebb...,timecost=0.373
info|2019-12-13 03:03:12.345809|[g:1][CONSENSUS][PBFT]checkAndChangeView: Reach consensus,org_view=10966,org_changeCycle=0,cur_changeCycle=0,to_view=10967
info|2019-12-13 03:03:13.348333|[g:1][CONSENSUS]addRawPrepare,height=14,reqIdx=0,hash=4fde821f...
info|2019-12-13 03:03:13.348765|[g:1][CONSENSUS][PBFT]checkTimeout Succ,view=10967,toView=10968,nodeIdx=2,changeCycle=0,myNode=ddb36ebb...,timecost=0.33
info|2019-12-13 03:03:13.351079|[g:1][CONSENSUS][PBFT]checkAndChangeView: Reach consensus,org_view=10967,org_changeCycle=0,cur_changeCycle=0,to_view=10968
info|2019-12-13 03:03:14.354838|[g:1][CONSENSUS]addRawPrepare,height=14,reqIdx=1,hash=0c22677f...
info|2019-12-13 03:03:14.355241|[g:1][CONSENSUS][PBFT]checkTimeout Succ,view=10968,toView=10969,nodeIdx=2,changeCycle=0,myNode=ddb36ebb...,timecost=0.37
info|2019-12-13 03:03:14.357792|[g:1][CONSENSUS][PBFT]checkAndChangeView: Reach consensus,org_view=10968,org_changeCycle=0,cur_changeCycle=0,to_view=10969
info|2019-12-13 03:03:15.358779|[g:1][CONSENSUS][SEALER]++++++++++++++++ Generating seal on,blkNum=14,tx=0,nodeIdx=2,hash=41f8d429...
info|2019-12-13 03:03:15.362087|[g:1][CONSENSUS][PBFT]checkTimeout Succ,view=10969,toView=10970,nodeIdx=2,changeCycle=0,myNode=ddb36ebb...,timecost=0.18
info|2019-12-13 03:03:15.362924|[g:1][CONSENSUS][PBFT]checkAndChangeView: Reach consensus,org_view=10969,org_changeCycle=0,cur_changeCycle=0,to_view=10970
info|2019-12-13 03:03:15.496973|[P2P][Service] heartBeat,connected count=3
info|2019-12-13 03:03:16.368206|[g:1][CONSENSUS]addRawPrepare,height=14,reqIdx=3,hash=c7d77cf5...
info|2019-12-13 03:03:16.368583|[g:1][CONSENSUS][PBFT]checkTimeout Succ,view=10970,toView=10971,nodeIdx=2,changeCycle=0,myNode=ddb36ebb...,timecost=0.345
info|2019-12-13 03:03:16.370628|[g:1][CONSENSUS][PBFT]checkAndChangeView: Reach consensus,org_view=10970,org_changeCycle=0,cur_changeCycle=0,to_view=10971
info|2019-12-13 03:03:17.372055|[g:1][CONSENSUS]addRawPrepare,height=14,reqIdx=0,hash=775447f0...
info|2019-12-13 03:03:17.372574|[g:1][CONSENSUS][PBFT]checkTimeout Succ,view=10971,toView=10972,nodeIdx=2,changeCycle=0,myNode=ddb36ebb...,timecost=0.32
info|2019-12-13 03:03:17.374891|[g:1][CONSENSUS][PBFT]checkAndChangeView: Reach consensus,org_view=10971,org_changeCycle=0,cur_changeCycle=0,to_view=10972
info|2019-12-13 03:03:18.379851|[g:1][CONSENSUS]addRawPrepare,height=14,reqIdx=1,hash=2dbbe4f4...
info|2019-12-13 03:03:18.380265|[g:1][CONSENSUS][PBFT]checkTimeout Succ,view=10972,toView=10973,nodeIdx=2,changeCycle=0,myNode=ddb36ebb...,timecost=0.378
info|2019-12-13 03:03:18.383102|[g:1][CONSENSUS][PBFT]checkAndChangeView: Reach consensus,org_view=10972,org_changeCycle=0,cur_changeCycle=0,to_view=10973
info|2019-12-13 03:03:19.383226|[g:1][CONSENSUS][SEALER]++++++++++++++++ Generating seal on,blkNum=14,tx=0,nodeIdx=2,hash=f46272ce...
info|2019-12-13 03:03:19.386247|[g:1][CONSENSUS][PBFT]checkTimeout Succ,view=10973,toView=10974,nodeIdx=2,changeCycle=0,myNode=ddb36ebb...,timecost=0.186
info|2019-12-13 03:03:19.388178|[g:1][CONSENSUS][PBFT]checkAndChangeView: Reach consensus,org_view=10973,org_changeCycle=0,cur_changeCycle=0,to_view=10974
info|2019-12-13 03:03:20.392531|[g:1][CONSENSUS]addRawPrepare,height=14,reqIdx=3,hash=13c27d21...
info|2019-12-13 03:03:20.392869|[g:1][CONSENSUS][PBFT]checkTimeout Succ,view=10974,toView=10975,nodeIdx=2,changeCycle=0,myNode=ddb36ebb...,timecost=0.288
info|2019-12-13 03:03:20.396936|[g:1][CONSENSUS][PBFT]checkAndChangeView: Reach consensus,org_view=10974,org_changeCycle=0,cur_changeCycle=0,to_view=10975
info|2019-12-13 03:03:21.400131|[g:1][CONSENSUS]addRawPrepare,height=14,reqIdx=0,hash=76f0c795...
info|2019-12-13 03:03:21.400722|[g:1][CONSENSUS][PBFT]checkTimeout Succ,view=10975,toView=10976,nodeIdx=2,changeCycle=0,myNode=ddb36ebb...,timecost=0.281
info|2019-12-13 03:03:21.403221|[g:1][CONSENSUS][PBFT]checkAndChangeView: Reach consensus,org_view=10975,org_changeCycle=0,cur_changeCycle=0,to_view=10976
info|2019-12-13 03:03:22.405820|[g:1][CONSENSUS]addRawPrepare,height=14,reqIdx=1,hash=8aebb692...
info|2019-12-13 03:03:22.406172|[g:1][CONSENSUS][PBFT]checkTimeout Succ,view=10976,toView=10977,nodeIdx=2,changeCycle=0,myNode=ddb36ebb...,timecost=0.315
info|2019-12-13 03:03:22.408404|[g:1][CONSENSUS][PBFT]checkAndChangeView: Reach consensus,org_view=10976,org_changeCycle=0,cur_changeCycle=0,to_view=10977
info|2019-12-13 03:03:23.409204|[g:1][CONSENSUS][SEALER]++++++++++++++++ Generating seal on,blkNum=14,tx=0,nodeIdx=2,hash=521db7c3...
info|2019-12-13 03:03:23.413838|[g:1][CONSENSUS][PBFT]checkTimeout Succ,view=10977,toView=10978,nodeIdx=2,changeCycle=0,myNode=ddb36ebb...,timecost=0.285
info|2019-12-13 03:03:23.414526|[g:1][CONSENSUS][PBFT]checkAndChangeView: Reach consensus,org_view=10977,org_changeCycle=0,cur_changeCycle=0,to_view=10978
info|2019-12-13 03:03:24.419408|[g:1][CONSENSUS]addRawPrepare,height=14,reqIdx=3,hash=5f54976e...
info|2019-12-13 03:03:24.419838|[g:1][CONSENSUS][PBFT]checkTimeout Succ,view=10978,toView=10979,nodeIdx=2,changeCycle=0,myNode=ddb36ebb...,timecost=0.395
info|2019-12-13 03:03:24.422008|[g:1][CONSENSUS][PBFT]checkAndChangeView: Reach consensus,org_view=10978,org_changeCycle=0,cur_changeCycle=0,to_view=10979
info|2019-12-13 03:03:25.423832|[g:1][CONSENSUS]addRawPrepare,height=14,reqIdx=0,hash=ec87d69e...
info|2019-12-13 03:03:25.424328|[g:1][CONSENSUS][PBFT]checkTimeout Succ,view=10979,toView=10980,nodeIdx=2,changeCycle=0,myNode=ddb36ebb...,timecost=0.309
info|2019-12-13 03:03:25.430115|[g:1][CONSENSUS][PBFT]checkAndChangeView: Reach consensus,org_view=10979,org_changeCycle=0,cur_changeCycle=0,to_view=10980
info|2019-12-13 03:03:25.497262|[P2P][Service] heartBeat,connected count=3
info|2019-12-13 03:03:26.434572|[g:1][CONSENSUS]addRawPrepare,height=14,reqIdx=1,hash=26ec9ccc...
info|2019-12-13 03:03:26.434936|[g:1][CONSENSUS][PBFT]checkTimeout Succ,view=10980,toView=10981,nodeIdx=2,changeCycle=0,myNode=ddb36ebb...,timecost=0.327
info|2019-12-13 03:03:26.437226|[g:1][CONSENSUS][PBFT]checkAndChangeView: Reach consensus,org_view=10980,org_changeCycle=0,cur_changeCycle=0,to_view=10981
info|2019-12-13 03:03:27.437548|[g:1][CONSENSUS][SEALER]++++++++++++++++ Generating seal on,blkNum=14,tx=0,nodeIdx=2,hash=e5333e9a...
info|2019-12-13 03:03:27.438277|[g:1][CONSENSUS][PBFT]checkTimeout Succ,view=10981,toView=10982,nodeIdx=2,changeCycle=0,myNode=ddb36ebb...,timecost=0.223
info|2019-12-13 03:03:27.441850|[g:1][CONSENSUS][PBFT]checkAndChangeView: Reach consensus,org_view=10981,org_changeCycle=0,cur_changeCycle=0,to_view=10982
info|2019-12-13 03:03:28.446186|[g:1][CONSENSUS]addRawPrepare,height=14,reqIdx=3,hash=bb750530...
info|2019-12-13 03:03:28.446662|[g:1][CONSENSUS][PBFT]checkTimeout Succ,view=10982,toView=10983,nodeIdx=2,changeCycle=0,myNode=ddb36ebb...,timecost=0.405
info|2019-12-13 03:03:28.451566|[g:1][CONSENSUS][PBFT]checkAndChangeView: Reach consensus,org_view=10982,org_changeCycle=0,cur_changeCycle=0,to_view=10983
info|2019-12-13 03:03:29.452986|[g:1][CONSENSUS]addRawPrepare,height=14,reqIdx=0,hash=a8084719...
info|2019-12-13 03:03:29.453511|[g:1][CONSENSUS][PBFT]checkTimeout Succ,view=10983,toView=10984,nodeIdx=2,changeCycle=0,myNode=ddb36ebb...,timecost=0.382
info|2019-12-13 03:03:29.455727|[g:1][CONSENSUS][PBFT]checkAndChangeView: Reach consensus,org_view=10983,org_changeCycle=0,cur_changeCycle=0,to_view=10984
info|2019-12-13 03:03:30.460579|[g:1][CONSENSUS]addRawPrepare,height=14,reqIdx=1,hash=c8fb0824...
info|2019-12-13 03:03:30.461043|[g:1][CONSENSUS][PBFT]checkTimeout Succ,view=10984,toView=10985,nodeIdx=2,changeCycle=0,myNode=ddb36ebb...,timecost=0.429
info|2019-12-13 03:03:30.463506|[g:1][CONSENSUS][PBFT]checkAndChangeView: Reach consensus,org_view=10984,org_changeCycle=0,cur_changeCycle=0,to_view=10985
info|2019-12-13 03:03:31.463090|[g:1][CONSENSUS][SEALER]++++++++++++++++ Generating seal on,blkNum=14,tx=0,nodeIdx=2,hash=23c078db...
info|2019-12-13 03:03:31.463795|[g:1][CONSENSUS][PBFT]checkTimeout Succ,view=10985,toView=10986,nodeIdx=2,changeCycle=0,myNode=ddb36ebb...,timecost=0.201
info|2019-12-13 03:03:31.467418|[g:1][CONSENSUS][PBFT]checkAndChangeView: Reach consensus,org_view=10985,org_changeCycle=0,cur_changeCycle=0,to_view=10986
info|2019-12-13 03:03:32.473122|[g:1][CONSENSUS]addRawPrepare,height=14,reqIdx=3,hash=0e983d5b...
info|2019-12-13 03:03:32.473550|[g:1][CONSENSUS][PBFT]checkTimeout Succ,view=10986,toView=10987,nodeIdx=2,changeCycle=0,myNode=ddb36ebb...,timecost=0.39
info|2019-12-13 03:03:32.475932|[g:1][CONSENSUS][PBFT]checkAndChangeView: Reach consensus,org_view=10986,org_changeCycle=0,cur_changeCycle=0,to_view=10987
info|2019-12-13 03:03:33.478663|[g:1][CONSENSUS]addRawPrepare,height=14,reqIdx=0,hash=c54432f2...
info|2019-12-13 03:03:33.479122|[g:1][CONSENSUS][PBFT]checkTimeout Succ,view=10987,toView=10988,nodeIdx=2,changeCycle=0,myNode=ddb36ebb...,timecost=0.273
info|2019-12-13 03:03:33.481422|[g:1][CONSENSUS][PBFT]checkAndChangeView: Reach consensus,org_view=10987,org_changeCycle=0,cur_changeCycle=0,to_view=10988
info|2019-12-13 03:03:34.485700|[g:1][CONSENSUS]addRawPrepare,height=14,reqIdx=1,hash=d36e198b...
info|2019-12-13 03:03:34.486072|[g:1][CONSENSUS][PBFT]checkTimeout Succ,view=10988,toView=10989,nodeIdx=2,changeCycle=0,myNode=ddb36ebb...,timecost=0.308
info|2019-12-13 03:03:34.489632|[g:1][CONSENSUS][PBFT]checkAndChangeView: Reach consensus,org_view=10988,org_changeCycle=0,cur_changeCycle=0,to_view=10989
info|2019-12-13 03:03:35.489227|[g:1][CONSENSUS][SEALER]++++++++++++++++ Generating seal on,blkNum=14,tx=0,nodeIdx=2,hash=cb9de26d...
info|2019-12-13 03:03:35.492770|[g:1][CONSENSUS][PBFT]checkTimeout Succ,view=10989,toView=10990,nodeIdx=2,changeCycle=0,myNode=ddb36ebb...,timecost=0.173
info|2019-12-13 03:03:35.493597|[g:1][CONSENSUS][PBFT]checkAndChangeView: Reach consensus,org_view=10989,org_changeCycle=0,cur_changeCycle=0,to_view=10990
info|2019-12-13 03:03:35.497660|[P2P][Service] heartBeat,connected count=3
info|2019-12-13 03:03:36.498422|[g:1][CONSENSUS]addRawPrepare,height=14,reqIdx=3,hash=ebe82319...
info|2019-12-13 03:03:36.498891|[g:1][CONSENSUS][PBFT]checkTimeout Succ,view=10990,toView=10991,nodeIdx=2,changeCycle=0,myNode=ddb36ebb...,timecost=0.436
info|2019-12-13 03:03:36.501262|[g:1][CONSENSUS][PBFT]checkAndChangeView: Reach consensus,org_view=10990,org_changeCycle=0,cur_changeCycle=0,to_view=10991
info|2019-12-13 03:03:37.504773|[g:1][CONSENSUS]addRawPrepare,height=14,reqIdx=0,hash=ad9c5eab...
info|2019-12-13 03:03:37.505283|[g:1][CONSENSUS][PBFT]checkTimeout Succ,view=10991,toView=10992,nodeIdx=2,changeCycle=0,myNode=ddb36ebb...,timecost=0.288
info|2019-12-13 03:03:37.507623|[g:1][CONSENSUS][PBFT]checkAndChangeView: Reach consensus,org_view=10991,org_changeCycle=0,cur_changeCycle=0,to_view=10992
                                                                                                                                                                                                                                                                                                                                                                                                                                                                                                                                                                                                                                                                                                                                                                                                                                                                                                                                                                                                                                                                                                                                                                                                                                                                                                                                                                                                                                                                                                                                                                                                                                                                                                                                                                                                                                                                                                                                                                                                                                                                                                                                                                                                                                                                                                                                                                                                                               